2023-06-29 00:12:52,420 WARN (HikariPool.java:804)- HikariPool-1 - Thread starvation or clock leap detected (housekeeper delta=15m58s92ms).
2023-06-29 00:32:28,090 WARN (HikariPool.java:804)- HikariPool-1 - Thread starvation or clock leap detected (housekeeper delta=17m5s674ms).
2023-06-29 00:33:48,187 INFO (AbstractInternalLogger.java:171)- Reconnecting, last destination was r-bp1yfwh6hywku5hhhcpd.redis.rds.aliyuncs.com/198.18.0.101:6379
2023-06-29 00:33:48,261 INFO (ReconnectionHandler.java:174)- Reconnected to r-bp1yfwh6hywku5hhhcpd.redis.rds.aliyuncs.com/<unresolved>:6379
2023-06-29 00:34:22,524 INFO (WebSocketMessageBrokerStats.java:128)- WebSocketSession[1 current WS(1)-HttpStream(0)-HttpPoll(0), 2 total, 0 closed abnormally (0 connect failure, 0 send limit, 1 transport error)], stompSubProtocol[processed CONNECT(0)-CONNECTED(0)-DISCONNECT(0)], stompBrokerRelay[null], inboundChannel[pool size = 0, active threads = 0, queued tasks = 0, completed tasks = 3], outboundChannel[pool size = 0, active threads = 0, queued tasks = 0, completed tasks = 1], sockJsScheduler[pool size = 9, active threads = 1, queued tasks = 0, completed tasks = 8]
2023-06-29 00:53:19,129 WARN (HikariPool.java:804)- HikariPool-1 - Thread starvation or clock leap detected (housekeeper delta=16m50s973ms).
2023-06-29 00:57:23,476 INFO (AbstractInternalLogger.java:171)- Reconnecting, last destination was r-bp1yfwh6hywku5hhhcpd.redis.rds.aliyuncs.com/198.18.0.101:6379
2023-06-29 00:57:23,529 INFO (ReconnectionHandler.java:174)- Reconnected to r-bp1yfwh6hywku5hhhcpd.redis.rds.aliyuncs.com/<unresolved>:6379
2023-06-29 01:13:20,940 WARN (HikariPool.java:804)- HikariPool-1 - Thread starvation or clock leap detected (housekeeper delta=15m31s719ms).
2023-06-29 01:17:15,892 INFO (AbstractInternalLogger.java:171)- Reconnecting, last destination was r-bp1yfwh6hywku5hhhcpd.redis.rds.aliyuncs.com/198.18.0.101:6379
2023-06-29 01:17:15,944 INFO (ReconnectionHandler.java:174)- Reconnected to r-bp1yfwh6hywku5hhhcpd.redis.rds.aliyuncs.com/<unresolved>:6379
2023-06-29 01:33:32,729 WARN (HikariPool.java:804)- HikariPool-1 - Thread starvation or clock leap detected (housekeeper delta=16m11s725ms).
2023-06-29 01:37:48,535 INFO (AbstractInternalLogger.java:171)- Reconnecting, last destination was r-bp1yfwh6hywku5hhhcpd.redis.rds.aliyuncs.com/198.18.0.101:6379
2023-06-29 01:37:48,591 INFO (ReconnectionHandler.java:174)- Reconnected to r-bp1yfwh6hywku5hhhcpd.redis.rds.aliyuncs.com/<unresolved>:6379
2023-06-29 01:51:26,953 INFO (WebSocketMessageBrokerStats.java:128)- WebSocketSession[1 current WS(1)-HttpStream(0)-HttpPoll(0), 2 total, 0 closed abnormally (0 connect failure, 0 send limit, 1 transport error)], stompSubProtocol[processed CONNECT(0)-CONNECTED(0)-DISCONNECT(0)], stompBrokerRelay[null], inboundChannel[pool size = 0, active threads = 0, queued tasks = 0, completed tasks = 3], outboundChannel[pool size = 0, active threads = 0, queued tasks = 0, completed tasks = 1], sockJsScheduler[pool size = 10, active threads = 1, queued tasks = 0, completed tasks = 9]
2023-06-29 02:21:26,887 INFO (WebSocketMessageBrokerStats.java:128)- WebSocketSession[1 current WS(1)-HttpStream(0)-HttpPoll(0), 2 total, 0 closed abnormally (0 connect failure, 0 send limit, 1 transport error)], stompSubProtocol[processed CONNECT(0)-CONNECTED(0)-DISCONNECT(0)], stompBrokerRelay[null], inboundChannel[pool size = 0, active threads = 0, queued tasks = 0, completed tasks = 3], outboundChannel[pool size = 0, active threads = 0, queued tasks = 0, completed tasks = 1], sockJsScheduler[pool size = 10, active threads = 1, queued tasks = 0, completed tasks = 10]
2023-06-29 02:40:07,479 WARN (HikariPool.java:804)- HikariPool-1 - Thread starvation or clock leap detected (housekeeper delta=15m34s147ms).
2023-06-29 02:44:08,544 INFO (AbstractInternalLogger.java:171)- Reconnecting, last destination was r-bp1yfwh6hywku5hhhcpd.redis.rds.aliyuncs.com/198.18.0.101:6379
2023-06-29 02:44:08,602 INFO (ReconnectionHandler.java:174)- Reconnected to r-bp1yfwh6hywku5hhhcpd.redis.rds.aliyuncs.com/<unresolved>:6379
2023-06-29 03:05:15,482 WARN (HikariPool.java:804)- HikariPool-1 - Thread starvation or clock leap detected (housekeeper delta=18m7s927ms).
2023-06-29 03:09:21,333 INFO (AbstractInternalLogger.java:171)- Reconnecting, last destination was r-bp1yfwh6hywku5hhhcpd.redis.rds.aliyuncs.com/198.18.0.101:6379
2023-06-29 03:09:21,394 INFO (ReconnectionHandler.java:174)- Reconnected to r-bp1yfwh6hywku5hhhcpd.redis.rds.aliyuncs.com/<unresolved>:6379
2023-06-29 03:32:47,789 WARN (HikariPool.java:804)- HikariPool-1 - Thread starvation or clock leap detected (housekeeper delta=16m32s172ms).
2023-06-29 03:36:43,381 INFO (AbstractInternalLogger.java:171)- Reconnecting, last destination was r-bp1yfwh6hywku5hhhcpd.redis.rds.aliyuncs.com/198.18.0.101:6379
2023-06-29 03:36:43,444 INFO (ReconnectionHandler.java:174)- Reconnected to r-bp1yfwh6hywku5hhhcpd.redis.rds.aliyuncs.com/<unresolved>:6379
2023-06-29 03:40:11,044 INFO (WebSocketMessageBrokerStats.java:128)- WebSocketSession[1 current WS(1)-HttpStream(0)-HttpPoll(0), 2 total, 0 closed abnormally (0 connect failure, 0 send limit, 1 transport error)], stompSubProtocol[processed CONNECT(0)-CONNECTED(0)-DISCONNECT(0)], stompBrokerRelay[null], inboundChannel[pool size = 0, active threads = 0, queued tasks = 0, completed tasks = 3], outboundChannel[pool size = 0, active threads = 0, queued tasks = 0, completed tasks = 1], sockJsScheduler[pool size = 10, active threads = 1, queued tasks = 0, completed tasks = 11]
2023-06-29 04:01:54,425 WARN (HikariPool.java:804)- HikariPool-1 - Thread starvation or clock leap detected (housekeeper delta=16m6s453ms).
2023-06-29 04:06:03,019 INFO (AbstractInternalLogger.java:171)- Reconnecting, last destination was r-bp1yfwh6hywku5hhhcpd.redis.rds.aliyuncs.com/198.18.0.101:6379
2023-06-29 04:06:03,068 INFO (ReconnectionHandler.java:174)- Reconnected to r-bp1yfwh6hywku5hhhcpd.redis.rds.aliyuncs.com/<unresolved>:6379
2023-06-29 04:23:33,116 WARN (HikariPool.java:804)- HikariPool-1 - Thread starvation or clock leap detected (housekeeper delta=17m8s629ms).
2023-06-29 04:27:32,528 INFO (AbstractInternalLogger.java:171)- Reconnecting, last destination was r-bp1yfwh6hywku5hhhcpd.redis.rds.aliyuncs.com/198.18.0.101:6379
2023-06-29 04:27:32,576 INFO (ReconnectionHandler.java:174)- Reconnected to r-bp1yfwh6hywku5hhhcpd.redis.rds.aliyuncs.com/<unresolved>:6379
2023-06-29 04:45:49,599 WARN (HikariPool.java:804)- HikariPool-1 - Thread starvation or clock leap detected (housekeeper delta=16m16s386ms).
2023-06-29 04:50:13,471 INFO (AbstractInternalLogger.java:171)- Reconnecting, last destination was r-bp1yfwh6hywku5hhhcpd.redis.rds.aliyuncs.com/198.18.0.101:6379
2023-06-29 04:50:13,525 INFO (ReconnectionHandler.java:174)- Reconnected to r-bp1yfwh6hywku5hhhcpd.redis.rds.aliyuncs.com/<unresolved>:6379
2023-06-29 05:06:47,208 WARN (HikariPool.java:804)- HikariPool-1 - Thread starvation or clock leap detected (housekeeper delta=16m27s563ms).
2023-06-29 05:10:41,429 INFO (AbstractInternalLogger.java:171)- Reconnecting, last destination was r-bp1yfwh6hywku5hhhcpd.redis.rds.aliyuncs.com/198.18.0.101:6379
2023-06-29 05:10:41,479 INFO (ReconnectionHandler.java:174)- Reconnected to r-bp1yfwh6hywku5hhhcpd.redis.rds.aliyuncs.com/<unresolved>:6379
2023-06-29 05:14:10,003 INFO (WebSocketMessageBrokerStats.java:128)- WebSocketSession[1 current WS(1)-HttpStream(0)-HttpPoll(0), 2 total, 0 closed abnormally (0 connect failure, 0 send limit, 1 transport error)], stompSubProtocol[processed CONNECT(0)-CONNECTED(0)-DISCONNECT(0)], stompBrokerRelay[null], inboundChannel[pool size = 0, active threads = 0, queued tasks = 0, completed tasks = 3], outboundChannel[pool size = 0, active threads = 0, queued tasks = 0, completed tasks = 1], sockJsScheduler[pool size = 10, active threads = 1, queued tasks = 0, completed tasks = 12]
2023-06-29 05:33:54,795 WARN (HikariPool.java:804)- HikariPool-1 - Thread starvation or clock leap detected (housekeeper delta=16m7s440ms).
2023-06-29 05:37:59,538 INFO (AbstractInternalLogger.java:171)- Reconnecting, last destination was r-bp1yfwh6hywku5hhhcpd.redis.rds.aliyuncs.com/198.18.0.101:6379
2023-06-29 05:37:59,598 INFO (ReconnectionHandler.java:174)- Reconnected to r-bp1yfwh6hywku5hhhcpd.redis.rds.aliyuncs.com/<unresolved>:6379
2023-06-29 05:53:49,742 WARN (HikariPool.java:804)- HikariPool-1 - Thread starvation or clock leap detected (housekeeper delta=15m54s915ms).
2023-06-29 06:13:15,647 WARN (HikariPool.java:804)- HikariPool-1 - Thread starvation or clock leap detected (housekeeper delta=17m25s877ms).
2023-06-29 06:14:50,809 INFO (AbstractInternalLogger.java:171)- Reconnecting, last destination was r-bp1yfwh6hywku5hhhcpd.redis.rds.aliyuncs.com/198.18.0.101:6379
2023-06-29 06:14:50,865 INFO (ReconnectionHandler.java:174)- Reconnected to r-bp1yfwh6hywku5hhhcpd.redis.rds.aliyuncs.com/<unresolved>:6379
2023-06-29 06:37:54,284 WARN (HikariPool.java:804)- HikariPool-1 - Thread starvation or clock leap detected (housekeeper delta=15m38s526ms).
2023-06-29 06:41:39,511 INFO (AbstractInternalLogger.java:171)- Reconnecting, last destination was r-bp1yfwh6hywku5hhhcpd.redis.rds.aliyuncs.com/198.18.0.101:6379
2023-06-29 06:41:39,563 INFO (ReconnectionHandler.java:174)- Reconnected to r-bp1yfwh6hywku5hhhcpd.redis.rds.aliyuncs.com/<unresolved>:6379
2023-06-29 07:02:15,429 WARN (HikariPool.java:804)- HikariPool-1 - Thread starvation or clock leap detected (housekeeper delta=15m51s27ms).
2023-06-29 07:02:37,716 INFO (WebSocketMessageBrokerStats.java:128)- WebSocketSession[1 current WS(1)-HttpStream(0)-HttpPoll(0), 2 total, 0 closed abnormally (0 connect failure, 0 send limit, 1 transport error)], stompSubProtocol[processed CONNECT(0)-CONNECTED(0)-DISCONNECT(0)], stompBrokerRelay[null], inboundChannel[pool size = 0, active threads = 0, queued tasks = 0, completed tasks = 3], outboundChannel[pool size = 0, active threads = 0, queued tasks = 0, completed tasks = 1], sockJsScheduler[pool size = 10, active threads = 1, queued tasks = 0, completed tasks = 13]
2023-06-29 07:06:17,529 INFO (AbstractInternalLogger.java:171)- Reconnecting, last destination was r-bp1yfwh6hywku5hhhcpd.redis.rds.aliyuncs.com/198.18.0.101:6379
2023-06-29 07:06:17,595 INFO (ReconnectionHandler.java:174)- Reconnected to r-bp1yfwh6hywku5hhhcpd.redis.rds.aliyuncs.com/<unresolved>:6379
2023-06-29 07:22:50,353 WARN (HikariPool.java:804)- HikariPool-1 - Thread starvation or clock leap detected (housekeeper delta=16m4s871ms).
2023-06-29 07:40:56,171 WARN (HikariPool.java:804)- HikariPool-1 - Thread starvation or clock leap detected (housekeeper delta=15m35s778ms).
2023-06-29 07:41:48,550 INFO (AbstractInternalLogger.java:171)- Reconnecting, last destination was r-bp1yfwh6hywku5hhhcpd.redis.rds.aliyuncs.com/198.18.0.101:6379
2023-06-29 07:41:48,605 INFO (ReconnectionHandler.java:174)- Reconnected to r-bp1yfwh6hywku5hhhcpd.redis.rds.aliyuncs.com/<unresolved>:6379
2023-06-29 08:00:51,659 WARN (HikariPool.java:804)- HikariPool-1 - Thread starvation or clock leap detected (housekeeper delta=8m55s364ms).
2023-06-29 08:01:05,951 ERROR (StompSubProtocolHandler.java:419)- Error publishing SessionDisconnectEvent[sessionId=246c1ca9-7104-7da3-987c-92189032991a, CloseStatus[code=1006, reason=null]]
org.springframework.dao.QueryTimeoutException: Redis command timed out
	at org.springframework.data.redis.connection.lettuce.LettuceExceptionConverter.convert(LettuceExceptionConverter.java:68)
	at org.springframework.data.redis.connection.lettuce.LettuceExceptionConverter.convert(LettuceExceptionConverter.java:41)
	at org.springframework.data.redis.PassThroughExceptionTranslationStrategy.translate(PassThroughExceptionTranslationStrategy.java:40)
	at org.springframework.data.redis.FallbackExceptionTranslationStrategy.translate(FallbackExceptionTranslationStrategy.java:38)
	at org.springframework.data.redis.connection.lettuce.LettuceConnection.convertLettuceAccessException(LettuceConnection.java:248)
	at org.springframework.data.redis.connection.lettuce.LettuceConnection.await(LettuceConnection.java:961)
	at org.springframework.data.redis.connection.lettuce.LettuceConnection.lambda$doInvoke$4(LettuceConnection.java:818)
	at org.springframework.data.redis.connection.lettuce.LettuceInvoker$Synchronizer.invoke(LettuceInvoker.java:665)
	at org.springframework.data.redis.connection.lettuce.LettuceInvoker.just(LettuceInvoker.java:109)
	at org.springframework.data.redis.connection.lettuce.LettuceSetCommands.sRem(LettuceSetCommands.java:180)
	at org.springframework.data.redis.connection.DefaultedRedisConnection.sRem(DefaultedRedisConnection.java:915)
	at org.springframework.data.redis.connection.DefaultStringRedisConnection.sRem(DefaultStringRedisConnection.java:900)
	at org.springframework.data.redis.core.DefaultSetOperations.lambda$remove$15(DefaultSetOperations.java:236)
	at org.springframework.data.redis.core.RedisTemplate.execute(RedisTemplate.java:406)
	at org.springframework.data.redis.core.RedisTemplate.execute(RedisTemplate.java:373)
	at org.springframework.data.redis.core.AbstractOperations.execute(AbstractOperations.java:97)
	at org.springframework.data.redis.core.DefaultSetOperations.remove(DefaultSetOperations.java:236)
	at io.ispacc.orion.admin.module.websocket.listener.WebSocketEventListener.handleWebSocketDisconnectListener(WebSocketEventListener.java:49)
	at java.base/jdk.internal.reflect.NativeMethodAccessorImpl.invoke0(Native Method)
	at java.base/jdk.internal.reflect.NativeMethodAccessorImpl.invoke(NativeMethodAccessorImpl.java:77)
	at java.base/jdk.internal.reflect.DelegatingMethodAccessorImpl.invoke(DelegatingMethodAccessorImpl.java:43)
	at java.base/java.lang.reflect.Method.invoke(Method.java:568)
	at org.springframework.context.event.ApplicationListenerMethodAdapter.doInvoke(ApplicationListenerMethodAdapter.java:343)
	at org.springframework.context.event.ApplicationListenerMethodAdapter.processEvent(ApplicationListenerMethodAdapter.java:228)
	at org.springframework.context.event.ApplicationListenerMethodAdapter.onApplicationEvent(ApplicationListenerMethodAdapter.java:165)
	at org.springframework.context.event.SimpleApplicationEventMulticaster.doInvokeListener(SimpleApplicationEventMulticaster.java:172)
	at org.springframework.context.event.SimpleApplicationEventMulticaster.invokeListener(SimpleApplicationEventMulticaster.java:165)
	at org.springframework.context.event.SimpleApplicationEventMulticaster.multicastEvent(SimpleApplicationEventMulticaster.java:143)
	at org.springframework.context.support.AbstractApplicationContext.publishEvent(AbstractApplicationContext.java:437)
	at org.springframework.context.support.AbstractApplicationContext.publishEvent(AbstractApplicationContext.java:370)
	at org.springframework.web.socket.messaging.StompSubProtocolHandler.publishEvent(StompSubProtocolHandler.java:415)
	at org.springframework.web.socket.messaging.StompSubProtocolHandler.afterSessionEnded(StompSubProtocolHandler.java:650)
	at org.springframework.web.socket.messaging.SubProtocolWebSocketHandler.clearSession(SubProtocolWebSocketHandler.java:531)
	at org.springframework.web.socket.messaging.SubProtocolWebSocketHandler.afterConnectionClosed(SubProtocolWebSocketHandler.java:400)
	at org.springframework.web.socket.handler.WebSocketHandlerDecorator.afterConnectionClosed(WebSocketHandlerDecorator.java:85)
	at org.springframework.web.socket.handler.LoggingWebSocketHandlerDecorator.afterConnectionClosed(LoggingWebSocketHandlerDecorator.java:72)
	at org.springframework.web.socket.handler.ExceptionWebSocketHandlerDecorator.afterConnectionClosed(ExceptionWebSocketHandlerDecorator.java:78)
	at org.springframework.web.socket.adapter.standard.StandardWebSocketHandlerAdapter.onClose(StandardWebSocketHandlerAdapter.java:144)
	at org.apache.tomcat.websocket.WsSession.fireEndpointOnClose(WsSession.java:658)
	at org.apache.tomcat.websocket.WsSession.onClose(WsSession.java:636)
	at org.apache.tomcat.websocket.server.WsHttpUpgradeHandler.close(WsHttpUpgradeHandler.java:256)
	at org.apache.tomcat.websocket.server.WsHttpUpgradeHandler.upgradeDispatch(WsHttpUpgradeHandler.java:158)
	at org.apache.coyote.http11.upgrade.UpgradeProcessorInternal.dispatch(UpgradeProcessorInternal.java:60)
	at org.apache.coyote.AbstractProcessorLight.process(AbstractProcessorLight.java:57)
	at org.apache.coyote.AbstractProtocol$ConnectionHandler.process(AbstractProtocol.java:894)
	at org.apache.tomcat.util.net.NioEndpoint$SocketProcessor.doRun(NioEndpoint.java:1741)
	at org.apache.tomcat.util.net.SocketProcessorBase.run(SocketProcessorBase.java:52)
	at org.apache.tomcat.util.threads.ThreadPoolExecutor.runWorker(ThreadPoolExecutor.java:1191)
	at org.apache.tomcat.util.threads.ThreadPoolExecutor$Worker.run(ThreadPoolExecutor.java:659)
	at org.apache.tomcat.util.threads.TaskThread$WrappingRunnable.run(TaskThread.java:61)
	at java.base/java.lang.Thread.run(Thread.java:833)
Caused by: io.lettuce.core.RedisCommandTimeoutException: Command timed out after 250 millisecond(s)
	at io.lettuce.core.internal.ExceptionFactory.createTimeoutException(ExceptionFactory.java:59)
	at io.lettuce.core.internal.Futures.awaitOrCancel(Futures.java:246)
	at io.lettuce.core.LettuceFutures.awaitOrCancel(LettuceFutures.java:74)
	at org.springframework.data.redis.connection.lettuce.LettuceConnection.await(LettuceConnection.java:959)
	... 45 common frames omitted
2023-06-29 08:01:07,738 WARN (PoolBase.java:179)- HikariPool-1 - Failed to validate connection com.mysql.cj.jdbc.ConnectionImpl@481d0877 (No operations allowed after connection closed.). Possibly consider using a shorter maxLifetime value.
2023-06-29 08:01:07,739 WARN (PoolBase.java:179)- HikariPool-1 - Failed to validate connection com.mysql.cj.jdbc.ConnectionImpl@2a00597e (No operations allowed after connection closed.). Possibly consider using a shorter maxLifetime value.
2023-06-29 08:01:07,740 WARN (PoolBase.java:179)- HikariPool-1 - Failed to validate connection com.mysql.cj.jdbc.ConnectionImpl@6105a223 (No operations allowed after connection closed.). Possibly consider using a shorter maxLifetime value.
2023-06-29 08:01:07,740 WARN (PoolBase.java:179)- HikariPool-1 - Failed to validate connection com.mysql.cj.jdbc.ConnectionImpl@41fb50c4 (No operations allowed after connection closed.). Possibly consider using a shorter maxLifetime value.
2023-06-29 08:01:07,741 WARN (PoolBase.java:179)- HikariPool-1 - Failed to validate connection com.mysql.cj.jdbc.ConnectionImpl@7a33bd60 (No operations allowed after connection closed.). Possibly consider using a shorter maxLifetime value.
2023-06-29 08:01:07,742 WARN (PoolBase.java:179)- HikariPool-1 - Failed to validate connection com.mysql.cj.jdbc.ConnectionImpl@52d0c0f1 (No operations allowed after connection closed.). Possibly consider using a shorter maxLifetime value.
2023-06-29 08:01:07,742 WARN (PoolBase.java:179)- HikariPool-1 - Failed to validate connection com.mysql.cj.jdbc.ConnectionImpl@1e087432 (No operations allowed after connection closed.). Possibly consider using a shorter maxLifetime value.
2023-06-29 08:01:07,743 WARN (PoolBase.java:179)- HikariPool-1 - Failed to validate connection com.mysql.cj.jdbc.ConnectionImpl@5ee7a47 (No operations allowed after connection closed.). Possibly consider using a shorter maxLifetime value.
2023-06-29 08:01:07,743 WARN (PoolBase.java:179)- HikariPool-1 - Failed to validate connection com.mysql.cj.jdbc.ConnectionImpl@62510f27 (No operations allowed after connection closed.). Possibly consider using a shorter maxLifetime value.
2023-06-29 08:01:07,744 WARN (PoolBase.java:179)- HikariPool-1 - Failed to validate connection com.mysql.cj.jdbc.ConnectionImpl@36d28cd4 (No operations allowed after connection closed.). Possibly consider using a shorter maxLifetime value.
2023-06-29 08:01:07,891 DEBUG (BaseJdbcLogger.java:137)- ==>  Preparing: SELECT user_id,username,password,icon,email,status,nickname,time_create,time_update,remark FROM t_user WHERE user_id=?
2023-06-29 08:01:07,894 DEBUG (BaseJdbcLogger.java:137)- ==> Parameters: 1667116738221449218(String)
2023-06-29 08:01:07,916 DEBUG (BaseJdbcLogger.java:137)- <==      Total: 1
2023-06-29 08:01:27,319 INFO (AbstractInternalLogger.java:171)- Reconnecting, last destination was r-bp1yfwh6hywku5hhhcpd.redis.rds.aliyuncs.com/198.18.0.101:6379
2023-06-29 08:01:27,370 INFO (ReconnectionHandler.java:174)- Reconnected to r-bp1yfwh6hywku5hhhcpd.redis.rds.aliyuncs.com/<unresolved>:6379
2023-06-29 08:11:43,714 INFO (WebSocketMessageBrokerStats.java:128)- WebSocketSession[1 current WS(1)-HttpStream(0)-HttpPoll(0), 3 total, 0 closed abnormally (0 connect failure, 0 send limit, 2 transport error)], stompSubProtocol[processed CONNECT(0)-CONNECTED(0)-DISCONNECT(0)], stompBrokerRelay[null], inboundChannel[pool size = 0, active threads = 0, queued tasks = 0, completed tasks = 6], outboundChannel[pool size = 0, active threads = 0, queued tasks = 0, completed tasks = 2], sockJsScheduler[pool size = 10, active threads = 1, queued tasks = 0, completed tasks = 14]
2023-06-29 08:41:43,708 INFO (WebSocketMessageBrokerStats.java:128)- WebSocketSession[1 current WS(1)-HttpStream(0)-HttpPoll(0), 3 total, 0 closed abnormally (0 connect failure, 0 send limit, 2 transport error)], stompSubProtocol[processed CONNECT(0)-CONNECTED(0)-DISCONNECT(0)], stompBrokerRelay[null], inboundChannel[pool size = 0, active threads = 0, queued tasks = 0, completed tasks = 6], outboundChannel[pool size = 0, active threads = 0, queued tasks = 0, completed tasks = 2], sockJsScheduler[pool size = 10, active threads = 1, queued tasks = 0, completed tasks = 15]
2023-06-29 08:56:18,759 WARN (HikariPool.java:804)- HikariPool-1 - Thread starvation or clock leap detected (housekeeper delta=13m26s500ms).
2023-06-29 09:00:11,899 INFO (AbstractInternalLogger.java:171)- Reconnecting, last destination was r-bp1yfwh6hywku5hhhcpd.redis.rds.aliyuncs.com/198.18.0.101:6379
2023-06-29 09:00:11,948 INFO (ReconnectionHandler.java:174)- Reconnected to r-bp1yfwh6hywku5hhhcpd.redis.rds.aliyuncs.com/<unresolved>:6379
2023-06-29 09:24:40,229 INFO (WebSocketMessageBrokerStats.java:128)- WebSocketSession[0 current WS(0)-HttpStream(0)-HttpPoll(0), 3 total, 0 closed abnormally (0 connect failure, 0 send limit, 2 transport error)], stompSubProtocol[processed CONNECT(0)-CONNECTED(0)-DISCONNECT(0)], stompBrokerRelay[null], inboundChannel[pool size = 0, active threads = 0, queued tasks = 0, completed tasks = 9], outboundChannel[pool size = 0, active threads = 0, queued tasks = 0, completed tasks = 3], sockJsScheduler[pool size = 10, active threads = 1, queued tasks = 0, completed tasks = 16]
2023-06-29 09:35:19,755 DEBUG (BaseJdbcLogger.java:137)- ==>  Preparing: SELECT user_id,username,password,icon,email,status,nickname,time_create,time_update,remark FROM t_user WHERE user_id=?
2023-06-29 09:35:19,756 DEBUG (BaseJdbcLogger.java:137)- ==> Parameters: 1667116738221449218(String)
2023-06-29 09:35:19,778 DEBUG (BaseJdbcLogger.java:137)- <==      Total: 1
2023-06-29 09:35:19,816 DEBUG (BaseJdbcLogger.java:137)- ==>  Preparing: SELECT user_id,username,password,icon,email,status,nickname,time_create,time_update,remark FROM t_user WHERE user_id=?
2023-06-29 09:35:19,816 DEBUG (BaseJdbcLogger.java:137)- ==> Parameters: 1667116738221449218(Long)
2023-06-29 09:35:19,837 DEBUG (BaseJdbcLogger.java:137)- <==      Total: 1
2023-06-29 09:35:19,839 DEBUG (BaseJdbcLogger.java:137)- ==>  Preparing: SELECT user_id,username,password,icon,email,status,nickname,time_create,time_update,remark FROM t_user WHERE user_id=?
2023-06-29 09:35:19,840 DEBUG (BaseJdbcLogger.java:137)- ==> Parameters: 1667116738221449218(Long)
2023-06-29 09:35:19,869 DEBUG (BaseJdbcLogger.java:137)- <==      Total: 1
2023-06-29 09:35:20,410 DEBUG (BaseJdbcLogger.java:137)- ==>  Preparing: SELECT user_id,username,password,icon,email,status,nickname,time_create,time_update,remark FROM t_user WHERE user_id=?
2023-06-29 09:35:20,410 DEBUG (BaseJdbcLogger.java:137)- ==>  Preparing: SELECT user_id,username,password,icon,email,status,nickname,time_create,time_update,remark FROM t_user WHERE user_id=?
2023-06-29 09:35:20,410 DEBUG (BaseJdbcLogger.java:137)- ==>  Preparing: SELECT user_id,username,password,icon,email,status,nickname,time_create,time_update,remark FROM t_user WHERE user_id=?
2023-06-29 09:35:20,411 DEBUG (BaseJdbcLogger.java:137)- ==> Parameters: 1667116738221449218(Long)
2023-06-29 09:35:20,411 DEBUG (BaseJdbcLogger.java:137)- ==> Parameters: 1667116738221449218(Long)
2023-06-29 09:35:20,411 DEBUG (BaseJdbcLogger.java:137)- ==> Parameters: 1667116738221449218(Long)
2023-06-29 09:35:20,411 DEBUG (BaseJdbcLogger.java:137)- ==>  Preparing: SELECT user_id,username,password,icon,email,status,nickname,time_create,time_update,remark FROM t_user WHERE user_id=?
2023-06-29 09:35:20,412 DEBUG (BaseJdbcLogger.java:137)- ==> Parameters: 1667116738221449218(Long)
2023-06-29 09:35:20,428 DEBUG (BaseJdbcLogger.java:137)- <==      Total: 1
2023-06-29 09:35:20,428 DEBUG (BaseJdbcLogger.java:137)- <==      Total: 1
2023-06-29 09:35:20,428 DEBUG (BaseJdbcLogger.java:137)- <==      Total: 1
2023-06-29 09:35:20,429 DEBUG (BaseJdbcLogger.java:137)- <==      Total: 1
2023-06-29 09:35:20,431 DEBUG (BaseJdbcLogger.java:137)- ==>  Preparing: SELECT user_id,username,password,icon,email,status,nickname,time_create,time_update,remark FROM t_user WHERE user_id=?
2023-06-29 09:35:20,431 DEBUG (BaseJdbcLogger.java:137)- ==>  Preparing: SELECT user_id,username,password,icon,email,status,nickname,time_create,time_update,remark FROM t_user WHERE user_id=?
2023-06-29 09:35:20,431 DEBUG (BaseJdbcLogger.java:137)- ==>  Preparing: SELECT user_id,username,password,icon,email,status,nickname,time_create,time_update,remark FROM t_user WHERE user_id=?
2023-06-29 09:35:20,431 DEBUG (BaseJdbcLogger.java:137)- ==> Parameters: 1667116738221449218(Long)
2023-06-29 09:35:20,431 DEBUG (BaseJdbcLogger.java:137)- ==> Parameters: 1667116738221449218(Long)
2023-06-29 09:35:20,431 DEBUG (BaseJdbcLogger.java:137)- ==>  Preparing: SELECT user_id,username,password,icon,email,status,nickname,time_create,time_update,remark FROM t_user WHERE user_id=?
2023-06-29 09:35:20,431 DEBUG (BaseJdbcLogger.java:137)- ==> Parameters: 1667116738221449218(Long)
2023-06-29 09:35:20,431 DEBUG (BaseJdbcLogger.java:137)- ==> Parameters: 1667116738221449218(Long)
2023-06-29 09:35:20,453 DEBUG (BaseJdbcLogger.java:137)- <==      Total: 1
2023-06-29 09:35:20,455 DEBUG (BaseJdbcLogger.java:137)- <==      Total: 1
2023-06-29 09:35:20,454 DEBUG (BaseJdbcLogger.java:137)- <==      Total: 1
2023-06-29 09:35:20,454 DEBUG (BaseJdbcLogger.java:137)- <==      Total: 1
2023-06-29 09:35:32,127 DEBUG (BaseJdbcLogger.java:137)- ==>  Preparing: SELECT user_id,username,password,icon,email,status,nickname,time_create,time_update,remark FROM t_user WHERE (username = ? AND password = ?)
2023-06-29 09:35:32,131 DEBUG (BaseJdbcLogger.java:137)- ==> Parameters: admin(String), 1234(String)
2023-06-29 09:35:32,156 DEBUG (BaseJdbcLogger.java:137)- <==      Total: 0
2023-06-29 09:35:39,894 DEBUG (BaseJdbcLogger.java:137)- ==>  Preparing: SELECT user_id,username,password,icon,email,status,nickname,time_create,time_update,remark FROM t_user WHERE (username = ? AND password = ?)
2023-06-29 09:35:39,896 DEBUG (BaseJdbcLogger.java:137)- ==> Parameters: admin(String), 123(String)
2023-06-29 09:35:39,920 DEBUG (BaseJdbcLogger.java:137)- <==      Total: 1
2023-06-29 09:37:30,571 DEBUG (BaseJdbcLogger.java:137)- ==>  Preparing: SELECT user_id,username,password,icon,email,status,nickname,time_create,time_update,remark FROM t_user WHERE user_id=?
2023-06-29 09:37:30,572 DEBUG (BaseJdbcLogger.java:137)- ==> Parameters: 1667116738221449218(String)
2023-06-29 09:37:30,591 DEBUG (BaseJdbcLogger.java:137)- <==      Total: 1
2023-06-29 09:37:30,710 DEBUG (BaseJdbcLogger.java:137)- ==>  Preparing: SELECT user_id,username,password,icon,email,status,nickname,time_create,time_update,remark FROM t_user WHERE user_id=?
2023-06-29 09:37:30,710 DEBUG (BaseJdbcLogger.java:137)- ==> Parameters: 1667116738221449218(Long)
2023-06-29 09:37:30,728 DEBUG (BaseJdbcLogger.java:137)- <==      Total: 1
2023-06-29 09:37:30,730 DEBUG (BaseJdbcLogger.java:137)- ==>  Preparing: SELECT user_id,username,password,icon,email,status,nickname,time_create,time_update,remark FROM t_user WHERE user_id=?
2023-06-29 09:37:30,731 DEBUG (BaseJdbcLogger.java:137)- ==> Parameters: 1667116738221449218(Long)
2023-06-29 09:37:30,763 DEBUG (BaseJdbcLogger.java:137)- <==      Total: 1
2023-06-29 09:37:30,838 DEBUG (BaseJdbcLogger.java:137)- ==>  Preparing: SELECT user_id,username,password,icon,email,status,nickname,time_create,time_update,remark FROM t_user WHERE user_id=?
2023-06-29 09:37:30,838 DEBUG (BaseJdbcLogger.java:137)- ==>  Preparing: SELECT user_id,username,password,icon,email,status,nickname,time_create,time_update,remark FROM t_user WHERE user_id=?
2023-06-29 09:37:30,838 DEBUG (BaseJdbcLogger.java:137)- ==> Parameters: 1667116738221449218(Long)
2023-06-29 09:37:30,838 DEBUG (BaseJdbcLogger.java:137)- ==> Parameters: 1667116738221449218(Long)
2023-06-29 09:37:30,860 DEBUG (BaseJdbcLogger.java:137)- ==>  Preparing: SELECT user_id,username,password,icon,email,status,nickname,time_create,time_update,remark FROM t_user WHERE user_id=?
2023-06-29 09:37:30,860 DEBUG (BaseJdbcLogger.java:137)- ==>  Preparing: SELECT user_id,username,password,icon,email,status,nickname,time_create,time_update,remark FROM t_user WHERE user_id=?
2023-06-29 09:37:30,860 DEBUG (BaseJdbcLogger.java:137)- <==      Total: 1
2023-06-29 09:37:30,861 DEBUG (BaseJdbcLogger.java:137)- <==      Total: 1
2023-06-29 09:37:30,861 DEBUG (BaseJdbcLogger.java:137)- ==> Parameters: 1667116738221449218(Long)
2023-06-29 09:37:30,861 DEBUG (BaseJdbcLogger.java:137)- ==> Parameters: 1667116738221449218(Long)
2023-06-29 09:37:30,863 DEBUG (BaseJdbcLogger.java:137)- ==>  Preparing: SELECT user_id,username,password,icon,email,status,nickname,time_create,time_update,remark FROM t_user WHERE user_id=?
2023-06-29 09:37:30,863 DEBUG (BaseJdbcLogger.java:137)- ==>  Preparing: SELECT user_id,username,password,icon,email,status,nickname,time_create,time_update,remark FROM t_user WHERE user_id=?
2023-06-29 09:37:30,863 DEBUG (BaseJdbcLogger.java:137)- ==> Parameters: 1667116738221449218(Long)
2023-06-29 09:37:30,863 DEBUG (BaseJdbcLogger.java:137)- ==> Parameters: 1667116738221449218(Long)
2023-06-29 09:37:30,887 DEBUG (BaseJdbcLogger.java:137)- <==      Total: 1
2023-06-29 09:37:30,887 DEBUG (BaseJdbcLogger.java:137)- <==      Total: 1
2023-06-29 09:37:30,887 DEBUG (BaseJdbcLogger.java:137)- <==      Total: 1
2023-06-29 09:37:30,887 DEBUG (BaseJdbcLogger.java:137)- <==      Total: 1
2023-06-29 09:37:30,889 DEBUG (BaseJdbcLogger.java:137)- ==>  Preparing: SELECT user_id,username,password,icon,email,status,nickname,time_create,time_update,remark FROM t_user WHERE user_id=?
2023-06-29 09:37:30,889 DEBUG (BaseJdbcLogger.java:137)- ==>  Preparing: SELECT user_id,username,password,icon,email,status,nickname,time_create,time_update,remark FROM t_user WHERE user_id=?
2023-06-29 09:37:30,889 DEBUG (BaseJdbcLogger.java:137)- ==> Parameters: 1667116738221449218(Long)
2023-06-29 09:37:30,889 DEBUG (BaseJdbcLogger.java:137)- ==> Parameters: 1667116738221449218(Long)
2023-06-29 09:37:30,926 DEBUG (BaseJdbcLogger.java:137)- <==      Total: 1
2023-06-29 09:37:30,926 DEBUG (BaseJdbcLogger.java:137)- <==      Total: 1
2023-06-29 09:37:36,632 DEBUG (BaseJdbcLogger.java:137)- ==>  Preparing: SELECT user_id,username,password,icon,email,status,nickname,time_create,time_update,remark FROM t_user WHERE (username = ? AND password = ?)
2023-06-29 09:37:36,633 DEBUG (BaseJdbcLogger.java:137)- ==> Parameters: admin(String), 123(String)
2023-06-29 09:37:36,655 DEBUG (BaseJdbcLogger.java:137)- <==      Total: 1
2023-06-29 09:39:24,050 DEBUG (BaseJdbcLogger.java:137)- ==>  Preparing: SELECT user_id,username,password,icon,email,status,nickname,time_create,time_update,remark FROM t_user WHERE (username = ? AND password = ?)
2023-06-29 09:39:24,057 DEBUG (BaseJdbcLogger.java:137)- ==> Parameters: admin(String), 1231(String)
2023-06-29 09:39:24,080 DEBUG (BaseJdbcLogger.java:137)- <==      Total: 0
2023-06-29 09:45:31,637 DEBUG (BaseJdbcLogger.java:137)- ==>  Preparing: SELECT user_id,username,password,icon,email,status,nickname,time_create,time_update,remark FROM t_user WHERE user_id=?
2023-06-29 09:45:31,638 DEBUG (BaseJdbcLogger.java:137)- ==> Parameters: 1667116738221449218(String)
2023-06-29 09:45:31,668 DEBUG (BaseJdbcLogger.java:137)- <==      Total: 1
2023-06-29 09:45:31,728 DEBUG (BaseJdbcLogger.java:137)- ==>  Preparing: SELECT user_id,username,password,icon,email,status,nickname,time_create,time_update,remark FROM t_user WHERE user_id=?
2023-06-29 09:45:31,728 DEBUG (BaseJdbcLogger.java:137)- ==> Parameters: 1667116738221449218(Long)
2023-06-29 09:45:31,753 DEBUG (BaseJdbcLogger.java:137)- <==      Total: 1
2023-06-29 09:45:31,756 DEBUG (BaseJdbcLogger.java:137)- ==>  Preparing: SELECT user_id,username,password,icon,email,status,nickname,time_create,time_update,remark FROM t_user WHERE user_id=?
2023-06-29 09:45:31,756 DEBUG (BaseJdbcLogger.java:137)- ==> Parameters: 1667116738221449218(Long)
2023-06-29 09:45:31,793 DEBUG (BaseJdbcLogger.java:137)- <==      Total: 1
2023-06-29 09:45:31,887 DEBUG (BaseJdbcLogger.java:137)- ==>  Preparing: SELECT user_id,username,password,icon,email,status,nickname,time_create,time_update,remark FROM t_user WHERE user_id=?
2023-06-29 09:45:31,887 DEBUG (BaseJdbcLogger.java:137)- ==> Parameters: 1667116738221449218(Long)
2023-06-29 09:45:31,910 DEBUG (BaseJdbcLogger.java:137)- ==>  Preparing: SELECT user_id,username,password,icon,email,status,nickname,time_create,time_update,remark FROM t_user WHERE user_id=?
2023-06-29 09:45:31,910 DEBUG (BaseJdbcLogger.java:137)- <==      Total: 1
2023-06-29 09:45:31,910 DEBUG (BaseJdbcLogger.java:137)- ==> Parameters: 1667116738221449218(Long)
2023-06-29 09:45:31,910 DEBUG (BaseJdbcLogger.java:137)- ==>  Preparing: SELECT user_id,username,password,icon,email,status,nickname,time_create,time_update,remark FROM t_user WHERE user_id=?
2023-06-29 09:45:31,911 DEBUG (BaseJdbcLogger.java:137)- ==> Parameters: 1667116738221449218(Long)
2023-06-29 09:45:31,912 DEBUG (BaseJdbcLogger.java:137)- ==>  Preparing: SELECT user_id,username,password,icon,email,status,nickname,time_create,time_update,remark FROM t_user WHERE user_id=?
2023-06-29 09:45:31,912 DEBUG (BaseJdbcLogger.java:137)- ==> Parameters: 1667116738221449218(Long)
2023-06-29 09:45:31,925 DEBUG (BaseJdbcLogger.java:137)- ==>  Preparing: SELECT user_id,username,password,icon,email,status,nickname,time_create,time_update,remark FROM t_user WHERE user_id=?
2023-06-29 09:45:31,926 DEBUG (BaseJdbcLogger.java:137)- ==> Parameters: 1667116738221449218(Long)
2023-06-29 09:45:31,930 DEBUG (BaseJdbcLogger.java:137)- <==      Total: 1
2023-06-29 09:45:31,937 DEBUG (BaseJdbcLogger.java:137)- <==      Total: 1
2023-06-29 09:45:31,937 DEBUG (BaseJdbcLogger.java:137)- <==      Total: 1
2023-06-29 09:45:31,940 DEBUG (BaseJdbcLogger.java:137)- ==>  Preparing: SELECT user_id,username,password,icon,email,status,nickname,time_create,time_update,remark FROM t_user WHERE user_id=?
2023-06-29 09:45:31,940 DEBUG (BaseJdbcLogger.java:137)- ==>  Preparing: SELECT user_id,username,password,icon,email,status,nickname,time_create,time_update,remark FROM t_user WHERE user_id=?
2023-06-29 09:45:31,941 DEBUG (BaseJdbcLogger.java:137)- ==> Parameters: 1667116738221449218(Long)
2023-06-29 09:45:31,941 DEBUG (BaseJdbcLogger.java:137)- ==> Parameters: 1667116738221449218(Long)
2023-06-29 09:45:31,951 DEBUG (BaseJdbcLogger.java:137)- <==      Total: 1
2023-06-29 09:45:31,953 DEBUG (BaseJdbcLogger.java:137)- ==>  Preparing: SELECT user_id,username,password,icon,email,status,nickname,time_create,time_update,remark FROM t_user WHERE user_id=?
2023-06-29 09:45:31,953 DEBUG (BaseJdbcLogger.java:137)- ==> Parameters: 1667116738221449218(Long)
2023-06-29 09:45:31,962 DEBUG (BaseJdbcLogger.java:137)- <==      Total: 1
2023-06-29 09:45:31,962 DEBUG (BaseJdbcLogger.java:137)- <==      Total: 1
2023-06-29 09:45:31,975 DEBUG (BaseJdbcLogger.java:137)- <==      Total: 1
2023-06-29 09:45:38,464 DEBUG (BaseJdbcLogger.java:137)- ==>  Preparing: SELECT user_id,username,password,icon,email,status,nickname,time_create,time_update,remark FROM t_user WHERE (username = ? AND password = ?)
2023-06-29 09:45:38,465 DEBUG (BaseJdbcLogger.java:137)- ==> Parameters: (String), (String)
2023-06-29 09:45:38,495 DEBUG (BaseJdbcLogger.java:137)- <==      Total: 1
2023-06-29 09:45:47,439 DEBUG (BaseJdbcLogger.java:137)- ==>  Preparing: SELECT user_id,username,password,icon,email,status,nickname,time_create,time_update,remark FROM t_user WHERE (username = ? AND password = ?)
2023-06-29 09:45:47,442 DEBUG (BaseJdbcLogger.java:137)- ==> Parameters: admin(String), 123(String)
2023-06-29 09:45:47,482 DEBUG (BaseJdbcLogger.java:137)- <==      Total: 1
2023-06-29 09:45:48,808 DEBUG (BaseJdbcLogger.java:137)- ==>  Preparing: SELECT user_id,username,password,icon,email,status,nickname,time_create,time_update,remark FROM t_user WHERE (username = ? AND password = ?)
2023-06-29 09:45:48,811 DEBUG (BaseJdbcLogger.java:137)- ==> Parameters: admin(String), 123(String)
2023-06-29 09:45:48,837 DEBUG (BaseJdbcLogger.java:137)- <==      Total: 1
2023-06-29 09:45:49,200 DEBUG (BaseJdbcLogger.java:137)- ==>  Preparing: SELECT user_id,username,password,icon,email,status,nickname,time_create,time_update,remark FROM t_user WHERE (username = ? AND password = ?)
2023-06-29 09:45:49,202 DEBUG (BaseJdbcLogger.java:137)- ==> Parameters: admin(String), 123(String)
2023-06-29 09:45:49,225 DEBUG (BaseJdbcLogger.java:137)- <==      Total: 1
2023-06-29 09:45:49,405 DEBUG (BaseJdbcLogger.java:137)- ==>  Preparing: SELECT user_id,username,password,icon,email,status,nickname,time_create,time_update,remark FROM t_user WHERE (username = ? AND password = ?)
2023-06-29 09:45:49,406 DEBUG (BaseJdbcLogger.java:137)- ==> Parameters: admin(String), 123(String)
2023-06-29 09:45:49,432 DEBUG (BaseJdbcLogger.java:137)- <==      Total: 1
2023-06-29 09:45:49,578 DEBUG (BaseJdbcLogger.java:137)- ==>  Preparing: SELECT user_id,username,password,icon,email,status,nickname,time_create,time_update,remark FROM t_user WHERE (username = ? AND password = ?)
2023-06-29 09:45:49,581 DEBUG (BaseJdbcLogger.java:137)- ==> Parameters: admin(String), 123(String)
2023-06-29 09:45:49,606 DEBUG (BaseJdbcLogger.java:137)- <==      Total: 1
2023-06-29 09:45:50,720 DEBUG (BaseJdbcLogger.java:137)- ==>  Preparing: SELECT user_id,username,password,icon,email,status,nickname,time_create,time_update,remark FROM t_user WHERE (username = ? AND password = ?)
2023-06-29 09:45:50,723 DEBUG (BaseJdbcLogger.java:137)- ==> Parameters: admin(String), 123(String)
2023-06-29 09:45:50,763 DEBUG (BaseJdbcLogger.java:137)- <==      Total: 1
2023-06-29 09:45:50,870 DEBUG (BaseJdbcLogger.java:137)- ==>  Preparing: SELECT user_id,username,password,icon,email,status,nickname,time_create,time_update,remark FROM t_user WHERE (username = ? AND password = ?)
2023-06-29 09:45:50,872 DEBUG (BaseJdbcLogger.java:137)- ==> Parameters: admin(String), 123(String)
2023-06-29 09:45:50,899 DEBUG (BaseJdbcLogger.java:137)- <==      Total: 1
2023-06-29 09:45:52,037 DEBUG (BaseJdbcLogger.java:137)- ==>  Preparing: SELECT user_id,username,password,icon,email,status,nickname,time_create,time_update,remark FROM t_user WHERE (username = ? AND password = ?)
2023-06-29 09:45:52,040 DEBUG (BaseJdbcLogger.java:137)- ==> Parameters: admin(String), 1233(String)
2023-06-29 09:45:52,062 DEBUG (BaseJdbcLogger.java:137)- <==      Total: 0
2023-06-29 09:45:52,512 DEBUG (BaseJdbcLogger.java:137)- ==>  Preparing: SELECT user_id,username,password,icon,email,status,nickname,time_create,time_update,remark FROM t_user WHERE (username = ? AND password = ?)
2023-06-29 09:45:52,513 DEBUG (BaseJdbcLogger.java:137)- ==> Parameters: admin(String), 1233(String)
2023-06-29 09:45:52,543 DEBUG (BaseJdbcLogger.java:137)- <==      Total: 0
2023-06-29 09:46:16,375 DEBUG (BaseJdbcLogger.java:137)- ==>  Preparing: SELECT user_id,username,password,icon,email,status,nickname,time_create,time_update,remark FROM t_user WHERE user_id=?
2023-06-29 09:46:16,375 DEBUG (BaseJdbcLogger.java:137)- ==> Parameters: 1667116738221449218(String)
2023-06-29 09:46:16,394 DEBUG (BaseJdbcLogger.java:137)- <==      Total: 1
2023-06-29 09:46:16,437 DEBUG (BaseJdbcLogger.java:137)- ==>  Preparing: SELECT user_id,username,password,icon,email,status,nickname,time_create,time_update,remark FROM t_user WHERE user_id=?
2023-06-29 09:46:16,437 DEBUG (BaseJdbcLogger.java:137)- ==> Parameters: 1667116738221449218(Long)
2023-06-29 09:46:16,458 DEBUG (BaseJdbcLogger.java:137)- <==      Total: 1
2023-06-29 09:46:16,461 DEBUG (BaseJdbcLogger.java:137)- ==>  Preparing: SELECT user_id,username,password,icon,email,status,nickname,time_create,time_update,remark FROM t_user WHERE user_id=?
2023-06-29 09:46:16,462 DEBUG (BaseJdbcLogger.java:137)- ==> Parameters: 1667116738221449218(Long)
2023-06-29 09:46:16,467 DEBUG (BaseJdbcLogger.java:137)- ==>  Preparing: SELECT user_id,username,password,icon,email,status,nickname,time_create,time_update,remark FROM t_user WHERE user_id=?
2023-06-29 09:46:16,467 DEBUG (BaseJdbcLogger.java:137)- ==> Parameters: 1667116738221449218(Long)
2023-06-29 09:46:16,490 DEBUG (BaseJdbcLogger.java:137)- ==>  Preparing: SELECT user_id,username,password,icon,email,status,nickname,time_create,time_update,remark FROM t_user WHERE user_id=?
2023-06-29 09:46:16,490 DEBUG (BaseJdbcLogger.java:137)- <==      Total: 1
2023-06-29 09:46:16,490 DEBUG (BaseJdbcLogger.java:137)- ==>  Preparing: SELECT user_id,username,password,icon,email,status,nickname,time_create,time_update,remark FROM t_user WHERE user_id=?
2023-06-29 09:46:16,490 DEBUG (BaseJdbcLogger.java:137)- ==> Parameters: 1667116738221449218(Long)
2023-06-29 09:46:16,490 DEBUG (BaseJdbcLogger.java:137)- <==      Total: 1
2023-06-29 09:46:16,490 DEBUG (BaseJdbcLogger.java:137)- ==> Parameters: 1667116738221449218(Long)
2023-06-29 09:46:16,490 DEBUG (BaseJdbcLogger.java:137)- ==>  Preparing: SELECT user_id,username,password,icon,email,status,nickname,time_create,time_update,remark FROM t_user WHERE user_id=?
2023-06-29 09:46:16,491 DEBUG (BaseJdbcLogger.java:137)- ==> Parameters: 1667116738221449218(Long)
2023-06-29 09:46:16,492 DEBUG (BaseJdbcLogger.java:137)- ==>  Preparing: SELECT user_id,username,password,icon,email,status,nickname,time_create,time_update,remark FROM t_user WHERE user_id=?
2023-06-29 09:46:16,493 DEBUG (BaseJdbcLogger.java:137)- ==> Parameters: 1667116738221449218(Long)
2023-06-29 09:46:16,509 DEBUG (BaseJdbcLogger.java:137)- <==      Total: 1
2023-06-29 09:46:16,509 DEBUG (BaseJdbcLogger.java:137)- <==      Total: 1
2023-06-29 09:46:16,510 DEBUG (BaseJdbcLogger.java:137)- <==      Total: 1
2023-06-29 09:46:16,510 DEBUG (BaseJdbcLogger.java:137)- <==      Total: 1
2023-06-29 09:46:16,511 DEBUG (BaseJdbcLogger.java:137)- ==>  Preparing: SELECT user_id,username,password,icon,email,status,nickname,time_create,time_update,remark FROM t_user WHERE user_id=?
2023-06-29 09:46:16,511 DEBUG (BaseJdbcLogger.java:137)- ==> Parameters: 1667116738221449218(Long)
2023-06-29 09:46:16,513 DEBUG (BaseJdbcLogger.java:137)- ==>  Preparing: SELECT user_id,username,password,icon,email,status,nickname,time_create,time_update,remark FROM t_user WHERE user_id=?
2023-06-29 09:46:16,513 DEBUG (BaseJdbcLogger.java:137)- ==> Parameters: 1667116738221449218(Long)
2023-06-29 09:46:16,517 DEBUG (BaseJdbcLogger.java:137)- ==>  Preparing: SELECT user_id,username,password,icon,email,status,nickname,time_create,time_update,remark FROM t_user WHERE user_id=?
2023-06-29 09:46:16,517 DEBUG (BaseJdbcLogger.java:137)- ==> Parameters: 1667116738221449218(Long)
2023-06-29 09:46:16,549 DEBUG (BaseJdbcLogger.java:137)- <==      Total: 1
2023-06-29 09:46:16,550 DEBUG (BaseJdbcLogger.java:137)- <==      Total: 1
2023-06-29 09:46:16,550 DEBUG (BaseJdbcLogger.java:137)- <==      Total: 1
2023-06-29 09:50:02,052 DEBUG (BaseJdbcLogger.java:137)- ==>  Preparing: SELECT user_id,username,password,icon,email,status,nickname,time_create,time_update,remark FROM t_user WHERE user_id=?
2023-06-29 09:50:02,054 DEBUG (BaseJdbcLogger.java:137)- ==> Parameters: 1667116738221449218(String)
2023-06-29 09:50:02,081 DEBUG (BaseJdbcLogger.java:137)- <==      Total: 1
2023-06-29 09:50:02,217 DEBUG (BaseJdbcLogger.java:137)- ==>  Preparing: SELECT user_id,username,password,icon,email,status,nickname,time_create,time_update,remark FROM t_user WHERE user_id=?
2023-06-29 09:50:02,218 DEBUG (BaseJdbcLogger.java:137)- ==> Parameters: 1667116738221449218(Long)
2023-06-29 09:50:02,236 DEBUG (BaseJdbcLogger.java:137)- <==      Total: 1
2023-06-29 09:50:02,238 DEBUG (BaseJdbcLogger.java:137)- ==>  Preparing: SELECT user_id,username,password,icon,email,status,nickname,time_create,time_update,remark FROM t_user WHERE user_id=?
2023-06-29 09:50:02,238 DEBUG (BaseJdbcLogger.java:137)- ==> Parameters: 1667116738221449218(Long)
2023-06-29 09:50:02,258 DEBUG (BaseJdbcLogger.java:137)- <==      Total: 1
2023-06-29 09:50:02,395 DEBUG (BaseJdbcLogger.java:137)- ==>  Preparing: SELECT user_id,username,password,icon,email,status,nickname,time_create,time_update,remark FROM t_user WHERE user_id=?
2023-06-29 09:50:02,395 DEBUG (BaseJdbcLogger.java:137)- ==> Parameters: 1667116738221449218(Long)
2023-06-29 09:50:02,427 DEBUG (BaseJdbcLogger.java:137)- ==>  Preparing: SELECT user_id,username,password,icon,email,status,nickname,time_create,time_update,remark FROM t_user WHERE user_id=?
2023-06-29 09:50:02,427 DEBUG (BaseJdbcLogger.java:137)- ==>  Preparing: SELECT user_id,username,password,icon,email,status,nickname,time_create,time_update,remark FROM t_user WHERE user_id=?
2023-06-29 09:50:02,428 DEBUG (BaseJdbcLogger.java:137)- ==> Parameters: 1667116738221449218(Long)
2023-06-29 09:50:02,428 DEBUG (BaseJdbcLogger.java:137)- ==> Parameters: 1667116738221449218(Long)
2023-06-29 09:50:02,428 DEBUG (BaseJdbcLogger.java:137)- ==>  Preparing: SELECT user_id,username,password,icon,email,status,nickname,time_create,time_update,remark FROM t_user WHERE user_id=?
2023-06-29 09:50:02,428 DEBUG (BaseJdbcLogger.java:137)- ==> Parameters: 1667116738221449218(Long)
2023-06-29 09:50:02,428 DEBUG (BaseJdbcLogger.java:137)- <==      Total: 1
2023-06-29 09:50:02,430 DEBUG (BaseJdbcLogger.java:137)- ==>  Preparing: SELECT user_id,username,password,icon,email,status,nickname,time_create,time_update,remark FROM t_user WHERE user_id=?
2023-06-29 09:50:02,431 DEBUG (BaseJdbcLogger.java:137)- ==> Parameters: 1667116738221449218(Long)
2023-06-29 09:50:02,451 DEBUG (BaseJdbcLogger.java:137)- <==      Total: 1
2023-06-29 09:50:02,451 DEBUG (BaseJdbcLogger.java:137)- <==      Total: 1
2023-06-29 09:50:02,451 DEBUG (BaseJdbcLogger.java:137)- <==      Total: 1
2023-06-29 09:50:02,451 DEBUG (BaseJdbcLogger.java:137)- <==      Total: 1
2023-06-29 09:50:02,454 DEBUG (BaseJdbcLogger.java:137)- ==>  Preparing: SELECT user_id,username,password,icon,email,status,nickname,time_create,time_update,remark FROM t_user WHERE user_id=?
2023-06-29 09:50:02,454 DEBUG (BaseJdbcLogger.java:137)- ==>  Preparing: SELECT user_id,username,password,icon,email,status,nickname,time_create,time_update,remark FROM t_user WHERE user_id=?
2023-06-29 09:50:02,454 DEBUG (BaseJdbcLogger.java:137)- ==> Parameters: 1667116738221449218(Long)
2023-06-29 09:50:02,454 DEBUG (BaseJdbcLogger.java:137)- ==> Parameters: 1667116738221449218(Long)
2023-06-29 09:50:02,454 DEBUG (BaseJdbcLogger.java:137)- ==>  Preparing: SELECT user_id,username,password,icon,email,status,nickname,time_create,time_update,remark FROM t_user WHERE user_id=?
2023-06-29 09:50:02,454 DEBUG (BaseJdbcLogger.java:137)- ==> Parameters: 1667116738221449218(Long)
2023-06-29 09:50:02,473 DEBUG (BaseJdbcLogger.java:137)- <==      Total: 1
2023-06-29 09:50:02,473 DEBUG (BaseJdbcLogger.java:137)- <==      Total: 1
2023-06-29 09:50:02,473 DEBUG (BaseJdbcLogger.java:137)- <==      Total: 1
2023-06-29 09:50:09,306 DEBUG (BaseJdbcLogger.java:137)- ==>  Preparing: SELECT user_id,username,password,icon,email,status,nickname,time_create,time_update,remark FROM t_user WHERE (username = ? AND password = ?)
2023-06-29 09:50:09,307 DEBUG (BaseJdbcLogger.java:137)- ==> Parameters: 123(String), 123(String)
2023-06-29 09:50:09,332 DEBUG (BaseJdbcLogger.java:137)- <==      Total: 0
2023-06-29 09:50:17,298 DEBUG (BaseJdbcLogger.java:137)- ==>  Preparing: SELECT user_id,username,password,icon,email,status,nickname,time_create,time_update,remark FROM t_user WHERE (username = ? AND password = ?)
2023-06-29 09:50:17,299 DEBUG (BaseJdbcLogger.java:137)- ==> Parameters: 123(String), 123(String)
2023-06-29 09:50:17,326 DEBUG (BaseJdbcLogger.java:137)- <==      Total: 0
2023-06-29 09:50:18,190 DEBUG (BaseJdbcLogger.java:137)- ==>  Preparing: SELECT user_id,username,password,icon,email,status,nickname,time_create,time_update,remark FROM t_user WHERE (username = ? AND password = ?)
2023-06-29 09:50:18,191 DEBUG (BaseJdbcLogger.java:137)- ==> Parameters: 123(String), 123(String)
2023-06-29 09:50:18,212 DEBUG (BaseJdbcLogger.java:137)- <==      Total: 0
2023-06-29 09:50:18,854 DEBUG (BaseJdbcLogger.java:137)- ==>  Preparing: SELECT user_id,username,password,icon,email,status,nickname,time_create,time_update,remark FROM t_user WHERE (username = ? AND password = ?)
2023-06-29 09:50:18,857 DEBUG (BaseJdbcLogger.java:137)- ==> Parameters: 123(String), 123(String)
2023-06-29 09:50:18,878 DEBUG (BaseJdbcLogger.java:137)- <==      Total: 0
2023-06-29 09:50:19,003 DEBUG (BaseJdbcLogger.java:137)- ==>  Preparing: SELECT user_id,username,password,icon,email,status,nickname,time_create,time_update,remark FROM t_user WHERE (username = ? AND password = ?)
2023-06-29 09:50:19,005 DEBUG (BaseJdbcLogger.java:137)- ==> Parameters: 123(String), 123(String)
2023-06-29 09:50:19,028 DEBUG (BaseJdbcLogger.java:137)- <==      Total: 0
2023-06-29 09:51:14,948 DEBUG (BaseJdbcLogger.java:137)- ==>  Preparing: SELECT user_id,username,password,icon,email,status,nickname,time_create,time_update,remark FROM t_user WHERE (username = ? AND password = ?)
2023-06-29 09:51:14,951 DEBUG (BaseJdbcLogger.java:137)- ==> Parameters: (String), (String)
2023-06-29 09:51:14,978 DEBUG (BaseJdbcLogger.java:137)- <==      Total: 1
2023-06-29 09:51:44,527 DEBUG (BaseJdbcLogger.java:137)- ==>  Preparing: SELECT user_id,username,password,icon,email,status,nickname,time_create,time_update,remark FROM t_user WHERE (username = ? AND password = ?)
2023-06-29 09:51:44,528 DEBUG (BaseJdbcLogger.java:137)- ==> Parameters: (String), (String)
2023-06-29 09:51:44,547 DEBUG (BaseJdbcLogger.java:137)- <==      Total: 1
2023-06-29 09:51:45,432 DEBUG (BaseJdbcLogger.java:137)- ==>  Preparing: SELECT user_id,username,password,icon,email,status,nickname,time_create,time_update,remark FROM t_user WHERE (username = ? AND password = ?)
2023-06-29 09:51:45,435 DEBUG (BaseJdbcLogger.java:137)- ==> Parameters: (String), (String)
2023-06-29 09:51:45,457 DEBUG (BaseJdbcLogger.java:137)- <==      Total: 1
2023-06-29 09:51:51,663 DEBUG (BaseJdbcLogger.java:137)- ==>  Preparing: SELECT user_id,username,password,icon,email,status,nickname,time_create,time_update,remark FROM t_user WHERE (username = ? AND password = ?)
2023-06-29 09:51:51,663 DEBUG (BaseJdbcLogger.java:137)- ==> Parameters: (String), (String)
2023-06-29 09:51:51,681 DEBUG (BaseJdbcLogger.java:137)- <==      Total: 1
2023-06-29 09:52:19,831 DEBUG (BaseJdbcLogger.java:137)- ==>  Preparing: SELECT user_id,username,password,icon,email,status,nickname,time_create,time_update,remark FROM t_user WHERE (username = ? AND password = ?)
2023-06-29 09:52:19,834 DEBUG (BaseJdbcLogger.java:137)- ==> Parameters: (String), (String)
2023-06-29 09:52:19,861 DEBUG (BaseJdbcLogger.java:137)- <==      Total: 1
2023-06-29 09:53:01,254 DEBUG (BaseJdbcLogger.java:137)- ==>  Preparing: SELECT user_id,username,password,icon,email,status,nickname,time_create,time_update,remark FROM t_user WHERE user_id=?
2023-06-29 09:53:01,254 DEBUG (BaseJdbcLogger.java:137)- ==> Parameters: 1667116738221449218(String)
2023-06-29 09:53:01,277 DEBUG (BaseJdbcLogger.java:137)- <==      Total: 1
2023-06-29 09:53:01,318 WARN (JwtUtils.java:69)- JWT:undefined
2023-06-29 09:53:01,319 WARN (JwtUtils.java:69)- JWT:undefined
2023-06-29 09:53:01,554 WARN (JwtUtils.java:69)- JWT:undefined
2023-06-29 09:53:01,555 WARN (JwtUtils.java:69)- JWT:undefined
2023-06-29 09:53:01,556 WARN (JwtUtils.java:69)- JWT:undefined
2023-06-29 09:53:01,554 WARN (JwtUtils.java:69)- JWT:undefined
2023-06-29 09:53:01,560 WARN (JwtUtils.java:69)- JWT:undefined
2023-06-29 09:53:01,562 WARN (JwtUtils.java:69)- JWT:undefined
2023-06-29 09:53:01,562 WARN (JwtUtils.java:69)- JWT:undefined
2023-06-29 09:53:01,563 WARN (JwtUtils.java:69)- JWT:undefined
2023-06-29 09:53:05,040 DEBUG (BaseJdbcLogger.java:137)- ==>  Preparing: SELECT user_id,username,password,icon,email,status,nickname,time_create,time_update,remark FROM t_user WHERE (username = ? AND password = ?)
2023-06-29 09:53:05,041 DEBUG (BaseJdbcLogger.java:137)- ==> Parameters: (String), (String)
2023-06-29 09:53:05,068 DEBUG (BaseJdbcLogger.java:137)- <==      Total: 1
2023-06-29 09:53:35,921 DEBUG (BaseJdbcLogger.java:137)- ==>  Preparing: SELECT user_id,username,password,icon,email,status,nickname,time_create,time_update,remark FROM t_user WHERE user_id=?
2023-06-29 09:53:35,922 DEBUG (BaseJdbcLogger.java:137)- ==> Parameters: 1667116738221449218(String)
2023-06-29 09:53:35,942 DEBUG (BaseJdbcLogger.java:137)- <==      Total: 1
2023-06-29 09:53:36,029 WARN (JwtUtils.java:69)- JWT:undefined
2023-06-29 09:53:36,030 WARN (JwtUtils.java:69)- JWT:undefined
2023-06-29 09:53:36,233 WARN (JwtUtils.java:69)- JWT:undefined
2023-06-29 09:53:36,233 WARN (JwtUtils.java:69)- JWT:undefined
2023-06-29 09:53:36,236 WARN (JwtUtils.java:69)- JWT:undefined
2023-06-29 09:53:36,236 WARN (JwtUtils.java:69)- JWT:undefined
2023-06-29 09:53:36,236 WARN (JwtUtils.java:69)- JWT:undefined
2023-06-29 09:53:36,236 WARN (JwtUtils.java:69)- JWT:undefined
2023-06-29 09:53:36,239 WARN (JwtUtils.java:69)- JWT:undefined
2023-06-29 09:53:36,240 WARN (JwtUtils.java:69)- JWT:undefined
2023-06-29 09:53:51,982 DEBUG (BaseJdbcLogger.java:137)- ==>  Preparing: SELECT user_id,username,password,icon,email,status,nickname,time_create,time_update,remark FROM t_user WHERE user_id=?
2023-06-29 09:53:51,983 DEBUG (BaseJdbcLogger.java:137)- ==> Parameters: 1667116738221449218(String)
2023-06-29 09:53:52,002 DEBUG (BaseJdbcLogger.java:137)- <==      Total: 1
2023-06-29 09:53:52,029 WARN (JwtUtils.java:69)- JWT:undefined
2023-06-29 09:53:52,030 WARN (JwtUtils.java:69)- JWT:undefined
2023-06-29 09:53:52,104 WARN (JwtUtils.java:69)- JWT:undefined
2023-06-29 09:53:52,104 WARN (JwtUtils.java:69)- JWT:undefined
2023-06-29 09:53:52,105 WARN (JwtUtils.java:69)- JWT:undefined
2023-06-29 09:53:52,106 WARN (JwtUtils.java:69)- JWT:undefined
2023-06-29 09:53:52,105 WARN (JwtUtils.java:69)- JWT:undefined
2023-06-29 09:53:52,106 WARN (JwtUtils.java:69)- JWT:undefined
2023-06-29 09:53:52,106 WARN (JwtUtils.java:69)- JWT:undefined
2023-06-29 09:53:52,106 WARN (JwtUtils.java:69)- JWT:undefined
2023-06-29 09:53:56,605 DEBUG (BaseJdbcLogger.java:137)- ==>  Preparing: SELECT user_id,username,password,icon,email,status,nickname,time_create,time_update,remark FROM t_user WHERE (username = ? AND password = ?)
2023-06-29 09:53:56,609 DEBUG (BaseJdbcLogger.java:137)- ==> Parameters: (String), (String)
2023-06-29 09:53:56,644 DEBUG (BaseJdbcLogger.java:137)- <==      Total: 1
2023-06-29 09:54:03,810 DEBUG (BaseJdbcLogger.java:137)- ==>  Preparing: SELECT user_id,username,password,icon,email,status,nickname,time_create,time_update,remark FROM t_user WHERE (username = ? AND password = ?)
2023-06-29 09:54:03,812 DEBUG (BaseJdbcLogger.java:137)- ==> Parameters: 123(String), 1(String)
2023-06-29 09:54:03,834 DEBUG (BaseJdbcLogger.java:137)- <==      Total: 0
2023-06-29 09:54:19,758 DEBUG (BaseJdbcLogger.java:137)- ==>  Preparing: SELECT user_id,username,password,icon,email,status,nickname,time_create,time_update,remark FROM t_user WHERE user_id=?
2023-06-29 09:54:19,759 DEBUG (BaseJdbcLogger.java:137)- ==> Parameters: 1667116738221449218(String)
2023-06-29 09:54:19,778 DEBUG (BaseJdbcLogger.java:137)- <==      Total: 1
2023-06-29 09:54:19,820 WARN (JwtUtils.java:69)- JWT:undefined
2023-06-29 09:54:19,820 WARN (JwtUtils.java:69)- JWT:undefined
2023-06-29 09:54:19,986 WARN (JwtUtils.java:69)- JWT:undefined
2023-06-29 09:54:19,986 WARN (JwtUtils.java:69)- JWT:undefined
2023-06-29 09:54:19,986 WARN (JwtUtils.java:69)- JWT:undefined
2023-06-29 09:54:19,986 WARN (JwtUtils.java:69)- JWT:undefined
2023-06-29 09:54:19,987 WARN (JwtUtils.java:69)- JWT:undefined
2023-06-29 09:54:19,987 WARN (JwtUtils.java:69)- JWT:undefined
2023-06-29 09:54:19,987 WARN (JwtUtils.java:69)- JWT:undefined
2023-06-29 09:54:19,987 WARN (JwtUtils.java:69)- JWT:undefined
2023-06-29 09:54:40,254 INFO (WebSocketMessageBrokerStats.java:128)- WebSocketSession[1 current WS(1)-HttpStream(0)-HttpPoll(0), 12 total, 0 closed abnormally (0 connect failure, 0 send limit, 2 transport error)], stompSubProtocol[processed CONNECT(0)-CONNECTED(0)-DISCONNECT(0)], stompBrokerRelay[null], inboundChannel[pool size = 6, active threads = 0, queued tasks = 0, completed tasks = 33], outboundChannel[pool size = 2, active threads = 0, queued tasks = 0, completed tasks = 11], sockJsScheduler[pool size = 10, active threads = 1, queued tasks = 0, completed tasks = 17]
2023-06-29 09:55:17,862 DEBUG (BaseJdbcLogger.java:137)- ==>  Preparing: SELECT user_id,username,password,icon,email,status,nickname,time_create,time_update,remark FROM t_user WHERE user_id=?
2023-06-29 09:55:17,863 DEBUG (BaseJdbcLogger.java:137)- ==> Parameters: 1667116738221449218(String)
2023-06-29 09:55:17,880 DEBUG (BaseJdbcLogger.java:137)- <==      Total: 1
2023-06-29 09:55:17,916 WARN (JwtUtils.java:69)- JWT:undefined
2023-06-29 09:55:17,917 WARN (JwtUtils.java:69)- JWT:undefined
2023-06-29 09:55:18,062 WARN (JwtUtils.java:69)- JWT:undefined
2023-06-29 09:55:18,062 WARN (JwtUtils.java:69)- JWT:undefined
2023-06-29 09:55:18,062 WARN (JwtUtils.java:69)- JWT:undefined
2023-06-29 09:55:18,063 WARN (JwtUtils.java:69)- JWT:undefined
2023-06-29 09:55:18,063 WARN (JwtUtils.java:69)- JWT:undefined
2023-06-29 09:55:18,067 WARN (JwtUtils.java:69)- JWT:undefined
2023-06-29 09:55:18,066 WARN (JwtUtils.java:69)- JWT:undefined
2023-06-29 09:55:18,069 WARN (JwtUtils.java:69)- JWT:undefined
2023-06-29 10:03:17,304 INFO (StartupInfoLogger.java:51)- Starting OrionAdminApplication using Java 17.0.7 with PID 19485 (/Users/berior/Developer/IdeaProjects/orion/orion-admin/target/classes started by berior in /Users/berior/Developer/IdeaProjects/orion)
2023-06-29 10:03:17,305 DEBUG (StartupInfoLogger.java:52)- Running with Spring Boot v3.1.0, Spring v6.0.9
2023-06-29 10:03:17,306 INFO (SpringApplication.java:639)- The following 1 profile is active: "dev"
2023-06-29 10:03:17,326 INFO (DeferredLog.java:250)- Devtools property defaults active! Set 'spring.devtools.add-properties' to 'false' to disable
2023-06-29 10:03:17,327 INFO (DeferredLog.java:250)- For additional web related logging consider setting the 'logging.level.web' property to 'DEBUG'
2023-06-29 10:03:17,681 INFO (RepositoryConfigurationDelegate.java:291)- Multiple Spring Data modules found, entering strict repository configuration mode
2023-06-29 10:03:17,683 INFO (RepositoryConfigurationDelegate.java:138)- Bootstrapping Spring Data Redis repositories in DEFAULT mode.
2023-06-29 10:03:17,698 INFO (RepositoryConfigurationDelegate.java:208)- Finished Spring Data repository scanning in 9 ms. Found 0 Redis repository interfaces.
2023-06-29 10:03:18,037 INFO (TomcatWebServer.java:108)- Tomcat initialized with port(s): 8081 (http)
2023-06-29 10:03:18,041 INFO (DirectJDKLog.java:173)- Initializing ProtocolHandler ["http-nio-8081"]
2023-06-29 10:03:18,041 INFO (DirectJDKLog.java:173)- Starting service [Tomcat]
2023-06-29 10:03:18,041 INFO (DirectJDKLog.java:173)- Starting Servlet engine: [Apache Tomcat/10.1.8]
2023-06-29 10:03:18,064 INFO (DirectJDKLog.java:173)- Initializing Spring embedded WebApplicationContext
2023-06-29 10:03:18,064 INFO (ServletWebServerApplicationContext.java:291)- Root WebApplicationContext: initialization completed in 737 ms
2023-06-29 10:03:19,007 WARN (OptionalLiveReloadServer.java:62)- Unable to start LiveReload server
2023-06-29 10:03:19,021 INFO (DirectJDKLog.java:173)- Starting ProtocolHandler ["http-nio-8081"]
2023-06-29 10:03:19,024 WARN (AbstractApplicationContext.java:616)- Exception encountered during context initialization - cancelling refresh attempt: org.springframework.context.ApplicationContextException: Failed to start bean 'webServerStartStop'
2023-06-29 10:03:19,036 INFO (DirectJDKLog.java:173)- Pausing ProtocolHandler ["http-nio-8081"]
2023-06-29 10:03:19,036 INFO (DirectJDKLog.java:173)- Stopping service [Tomcat]
2023-06-29 10:03:19,038 INFO (DirectJDKLog.java:173)- Stopping ProtocolHandler ["http-nio-8081"]
2023-06-29 10:03:19,039 INFO (DirectJDKLog.java:173)- Destroying ProtocolHandler ["http-nio-8081"]
2023-06-29 10:03:19,044 INFO (ConditionEvaluationReportLogger.java:82)- 

Error starting ApplicationContext. To display the condition evaluation report re-run your application with 'debug' enabled.
2023-06-29 10:03:19,051 ERROR (LoggingFailureAnalysisReporter.java:40)- 

***************************
APPLICATION FAILED TO START
***************************

Description:

Web server failed to start. Port 8081 was already in use.

Action:

Identify and stop the process that's listening on port 8081 or configure this application to listen on another port.

2023-06-29 10:03:48,182 INFO (StartupInfoLogger.java:51)- Starting OrionAdminApplication using Java 17.0.7 with PID 19815 (/Users/berior/Developer/IdeaProjects/orion/orion-admin/target/classes started by berior in /Users/berior/Developer/IdeaProjects/orion)
2023-06-29 10:03:48,183 DEBUG (StartupInfoLogger.java:52)- Running with Spring Boot v3.1.0, Spring v6.0.9
2023-06-29 10:03:48,184 INFO (SpringApplication.java:639)- The following 1 profile is active: "dev"
2023-06-29 10:03:48,206 INFO (DeferredLog.java:250)- Devtools property defaults active! Set 'spring.devtools.add-properties' to 'false' to disable
2023-06-29 10:03:48,207 INFO (DeferredLog.java:250)- For additional web related logging consider setting the 'logging.level.web' property to 'DEBUG'
2023-06-29 10:03:48,602 INFO (RepositoryConfigurationDelegate.java:291)- Multiple Spring Data modules found, entering strict repository configuration mode
2023-06-29 10:03:48,603 INFO (RepositoryConfigurationDelegate.java:138)- Bootstrapping Spring Data Redis repositories in DEFAULT mode.
2023-06-29 10:03:48,622 INFO (RepositoryConfigurationDelegate.java:208)- Finished Spring Data repository scanning in 13 ms. Found 0 Redis repository interfaces.
2023-06-29 10:03:48,959 INFO (TomcatWebServer.java:108)- Tomcat initialized with port(s): 8081 (http)
2023-06-29 10:03:48,964 INFO (DirectJDKLog.java:173)- Initializing ProtocolHandler ["http-nio-8081"]
2023-06-29 10:03:48,964 INFO (DirectJDKLog.java:173)- Starting service [Tomcat]
2023-06-29 10:03:48,964 INFO (DirectJDKLog.java:173)- Starting Servlet engine: [Apache Tomcat/10.1.8]
2023-06-29 10:03:48,993 INFO (DirectJDKLog.java:173)- Initializing Spring embedded WebApplicationContext
2023-06-29 10:03:48,994 INFO (ServletWebServerApplicationContext.java:291)- Root WebApplicationContext: initialization completed in 787 ms
2023-06-29 10:03:49,948 INFO (OptionalLiveReloadServer.java:59)- LiveReload server is running on port 35729
2023-06-29 10:03:49,964 INFO (DirectJDKLog.java:173)- Starting ProtocolHandler ["http-nio-8081"]
2023-06-29 10:03:49,975 INFO (TomcatWebServer.java:220)- Tomcat started on port(s): 8081 (http) with context path ''
2023-06-29 10:03:49,977 INFO (Knife4jConfig.java:27)- Knife4j : http://192.168.28.159:8081/doc.html
2023-06-29 10:03:49,978 INFO (CompositeLog.java:117)- Starting...
2023-06-29 10:03:49,979 INFO (CompositeLog.java:117)- BrokerAvailabilityEvent[available=true, SimpleBrokerMessageHandler [org.springframework.messaging.simp.broker.DefaultSubscriptionRegistry@6fa4fc9]]
2023-06-29 10:03:49,979 INFO (CompositeLog.java:117)- Started.
2023-06-29 10:03:49,986 INFO (StartupInfoLogger.java:57)- Started OrionAdminApplication in 2.058 seconds (process running for 2.371)
2023-06-29 10:03:51,512 INFO (DirectJDKLog.java:173)- Initializing Spring DispatcherServlet 'dispatcherServlet'
2023-06-29 10:03:51,513 INFO (FrameworkServlet.java:532)- Initializing Servlet 'dispatcherServlet'
2023-06-29 10:03:51,513 INFO (FrameworkServlet.java:554)- Completed initialization in 0 ms
2023-06-29 10:03:51,535 INFO (HikariDataSource.java:110)- HikariPool-1 - Starting...
2023-06-29 10:03:51,770 INFO (HikariPool.java:565)- HikariPool-1 - Added connection com.mysql.cj.jdbc.ConnectionImpl@76512fd8
2023-06-29 10:03:51,771 INFO (HikariDataSource.java:123)- HikariPool-1 - Start completed.
2023-06-29 10:03:51,776 DEBUG (BaseJdbcLogger.java:137)- ==>  Preparing: SELECT user_id,username,password,icon,email,status,nickname,time_create,time_update,remark FROM t_user WHERE user_id=?
2023-06-29 10:03:51,788 DEBUG (BaseJdbcLogger.java:137)- ==> Parameters: 1667116738221449218(String)
2023-06-29 10:03:51,826 DEBUG (BaseJdbcLogger.java:137)- <==      Total: 1
2023-06-29 10:03:56,694 DEBUG (BaseJdbcLogger.java:137)- ==>  Preparing: SELECT user_id,username,password,icon,email,status,nickname,time_create,time_update,remark FROM t_user WHERE user_id=?
2023-06-29 10:03:56,694 DEBUG (BaseJdbcLogger.java:137)- ==> Parameters: 1667116738221449218(String)
2023-06-29 10:03:56,718 DEBUG (BaseJdbcLogger.java:137)- <==      Total: 1
2023-06-29 10:03:56,830 WARN (JwtUtils.java:69)- JWT:undefined
2023-06-29 10:03:56,834 WARN (JwtUtils.java:69)- JWT:undefined
2023-06-29 10:03:56,998 WARN (JwtUtils.java:69)- JWT:undefined
2023-06-29 10:03:56,998 WARN (JwtUtils.java:69)- JWT:undefined
2023-06-29 10:03:56,998 WARN (JwtUtils.java:69)- JWT:undefined
2023-06-29 10:03:56,999 WARN (JwtUtils.java:69)- JWT:undefined
2023-06-29 10:03:56,999 WARN (JwtUtils.java:69)- JWT:undefined
2023-06-29 10:03:57,000 WARN (JwtUtils.java:69)- JWT:undefined
2023-06-29 10:03:57,000 WARN (JwtUtils.java:69)- JWT:undefined
2023-06-29 10:03:57,000 WARN (JwtUtils.java:69)- JWT:undefined
2023-06-29 10:04:05,972 WARN (ReflectLambdaMeta.java:41)- Unable to make field private final java.lang.Class java.lang.invoke.SerializedLambda.capturingClass accessible: module java.base does not "opens java.lang.invoke" to unnamed module @7ef6224b
2023-06-29 10:04:05,994 DEBUG (BaseJdbcLogger.java:137)- ==>  Preparing: SELECT user_id,username,password,icon,email,status,nickname,time_create,time_update,remark FROM t_user WHERE (username = ? AND password = ?)
2023-06-29 10:04:05,994 DEBUG (BaseJdbcLogger.java:137)- ==> Parameters: admin(String), 123(String)
2023-06-29 10:04:06,019 DEBUG (BaseJdbcLogger.java:137)- <==      Total: 1
2023-06-29 10:04:49,507 INFO (WebSocketMessageBrokerStats.java:128)- WebSocketSession[0 current WS(0)-HttpStream(0)-HttpPoll(0), 2 total, 0 closed abnormally (0 connect failure, 0 send limit, 0 transport error)], stompSubProtocol[processed CONNECT(0)-CONNECTED(0)-DISCONNECT(0)], stompBrokerRelay[null], inboundChannel[pool size = 6, active threads = 0, queued tasks = 0, completed tasks = 6], outboundChannel[pool size = 2, active threads = 0, queued tasks = 0, completed tasks = 2], sockJsScheduler[pool size = 1, active threads = 1, queued tasks = 0, completed tasks = 0]
2023-06-29 10:04:49,607 DEBUG (BaseJdbcLogger.java:137)- ==>  Preparing: SELECT user_id,username,password,icon,email,status,nickname,time_create,time_update,remark FROM t_user WHERE user_id=?
2023-06-29 10:04:49,608 DEBUG (BaseJdbcLogger.java:137)- ==> Parameters: 1667116738221449218(String)
2023-06-29 10:04:49,629 DEBUG (BaseJdbcLogger.java:137)- <==      Total: 1
2023-06-29 10:04:49,700 WARN (JwtUtils.java:69)- JWT:undefined
2023-06-29 10:04:49,701 WARN (JwtUtils.java:69)- JWT:undefined
2023-06-29 10:04:49,887 WARN (JwtUtils.java:69)- JWT:undefined
2023-06-29 10:04:49,889 WARN (JwtUtils.java:69)- JWT:undefined
2023-06-29 10:04:49,890 WARN (JwtUtils.java:69)- JWT:undefined
2023-06-29 10:04:49,890 WARN (JwtUtils.java:69)- JWT:undefined
2023-06-29 10:04:49,892 WARN (JwtUtils.java:69)- JWT:undefined
2023-06-29 10:04:49,891 WARN (JwtUtils.java:69)- JWT:undefined
2023-06-29 10:04:49,893 WARN (JwtUtils.java:69)- JWT:undefined
2023-06-29 10:04:49,893 WARN (JwtUtils.java:69)- JWT:undefined
2023-06-29 10:04:52,824 WARN (JwtUtils.java:69)- JWT:undefined
2023-06-29 10:04:52,830 WARN (JwtUtils.java:69)- JWT:undefined
2023-06-29 10:05:06,207 DEBUG (BaseJdbcLogger.java:137)- ==>  Preparing: SELECT user_id,username,password,icon,email,status,nickname,time_create,time_update,remark FROM t_user WHERE user_id=?
2023-06-29 10:05:06,208 DEBUG (BaseJdbcLogger.java:137)- ==> Parameters: 1667116738221449218(String)
2023-06-29 10:05:06,227 DEBUG (BaseJdbcLogger.java:137)- <==      Total: 1
2023-06-29 10:05:06,289 WARN (JwtUtils.java:69)- JWT:undefined
2023-06-29 10:05:06,292 WARN (JwtUtils.java:69)- JWT:undefined
2023-06-29 10:05:06,398 WARN (JwtUtils.java:69)- JWT:undefined
2023-06-29 10:05:06,399 WARN (JwtUtils.java:69)- JWT:undefined
2023-06-29 10:05:06,400 WARN (JwtUtils.java:69)- JWT:undefined
2023-06-29 10:05:06,403 WARN (JwtUtils.java:69)- JWT:undefined
2023-06-29 10:05:06,407 WARN (JwtUtils.java:69)- JWT:undefined
2023-06-29 10:05:06,408 WARN (JwtUtils.java:69)- JWT:undefined
2023-06-29 10:05:06,408 WARN (JwtUtils.java:69)- JWT:undefined
2023-06-29 10:05:06,409 WARN (JwtUtils.java:69)- JWT:undefined
2023-06-29 10:05:30,688 DEBUG (BaseJdbcLogger.java:137)- ==>  Preparing: SELECT user_id,username,password,icon,email,status,nickname,time_create,time_update,remark FROM t_user WHERE user_id=?
2023-06-29 10:05:30,690 DEBUG (BaseJdbcLogger.java:137)- ==> Parameters: 1667116738221449218(String)
2023-06-29 10:05:30,712 DEBUG (BaseJdbcLogger.java:137)- <==      Total: 1
2023-06-29 10:05:30,774 WARN (JwtUtils.java:69)- JWT:undefined
2023-06-29 10:05:30,775 WARN (JwtUtils.java:69)- JWT:undefined
2023-06-29 10:05:30,932 WARN (JwtUtils.java:69)- JWT:undefined
2023-06-29 10:05:30,934 WARN (JwtUtils.java:69)- JWT:undefined
2023-06-29 10:05:30,935 WARN (JwtUtils.java:69)- JWT:undefined
2023-06-29 10:05:30,935 WARN (JwtUtils.java:69)- JWT:undefined
2023-06-29 10:05:30,937 WARN (JwtUtils.java:69)- JWT:undefined
2023-06-29 10:05:30,938 WARN (JwtUtils.java:69)- JWT:undefined
2023-06-29 10:05:30,941 WARN (JwtUtils.java:69)- JWT:undefined
2023-06-29 10:05:30,942 WARN (JwtUtils.java:69)- JWT:undefined
2023-06-29 10:10:12,465 DEBUG (BaseJdbcLogger.java:137)- ==>  Preparing: SELECT user_id,username,password,icon,email,status,nickname,time_create,time_update,remark FROM t_user WHERE (username = ? AND password = ?)
2023-06-29 10:10:12,468 DEBUG (BaseJdbcLogger.java:137)- ==> Parameters: admin(String), 123(String)
2023-06-29 10:10:12,489 DEBUG (BaseJdbcLogger.java:137)- <==      Total: 1
2023-06-29 10:34:49,475 INFO (WebSocketMessageBrokerStats.java:128)- WebSocketSession[1 current WS(1)-HttpStream(0)-HttpPoll(0), 5 total, 0 closed abnormally (0 connect failure, 0 send limit, 0 transport error)], stompSubProtocol[processed CONNECT(0)-CONNECTED(0)-DISCONNECT(0)], stompBrokerRelay[null], inboundChannel[pool size = 0, active threads = 0, queued tasks = 0, completed tasks = 12], outboundChannel[pool size = 0, active threads = 0, queued tasks = 0, completed tasks = 4], sockJsScheduler[pool size = 2, active threads = 1, queued tasks = 0, completed tasks = 1]
2023-06-29 11:04:49,548 INFO (WebSocketMessageBrokerStats.java:128)- WebSocketSession[1 current WS(1)-HttpStream(0)-HttpPoll(0), 5 total, 0 closed abnormally (0 connect failure, 0 send limit, 0 transport error)], stompSubProtocol[processed CONNECT(0)-CONNECTED(0)-DISCONNECT(0)], stompBrokerRelay[null], inboundChannel[pool size = 0, active threads = 0, queued tasks = 0, completed tasks = 12], outboundChannel[pool size = 0, active threads = 0, queued tasks = 0, completed tasks = 4], sockJsScheduler[pool size = 3, active threads = 1, queued tasks = 0, completed tasks = 2]
2023-06-29 11:34:49,608 INFO (WebSocketMessageBrokerStats.java:128)- WebSocketSession[1 current WS(1)-HttpStream(0)-HttpPoll(0), 5 total, 0 closed abnormally (0 connect failure, 0 send limit, 0 transport error)], stompSubProtocol[processed CONNECT(0)-CONNECTED(0)-DISCONNECT(0)], stompBrokerRelay[null], inboundChannel[pool size = 0, active threads = 0, queued tasks = 0, completed tasks = 12], outboundChannel[pool size = 0, active threads = 0, queued tasks = 0, completed tasks = 4], sockJsScheduler[pool size = 4, active threads = 1, queued tasks = 0, completed tasks = 3]
2023-06-29 12:04:49,595 INFO (WebSocketMessageBrokerStats.java:128)- WebSocketSession[1 current WS(1)-HttpStream(0)-HttpPoll(0), 5 total, 0 closed abnormally (0 connect failure, 0 send limit, 0 transport error)], stompSubProtocol[processed CONNECT(0)-CONNECTED(0)-DISCONNECT(0)], stompBrokerRelay[null], inboundChannel[pool size = 0, active threads = 0, queued tasks = 0, completed tasks = 12], outboundChannel[pool size = 0, active threads = 0, queued tasks = 0, completed tasks = 4], sockJsScheduler[pool size = 5, active threads = 1, queued tasks = 0, completed tasks = 4]
2023-06-29 12:08:33,732 DEBUG (BaseJdbcLogger.java:137)- ==>  Preparing: SELECT user_id,username,password,icon,email,status,nickname,time_create,time_update,remark FROM t_user WHERE user_id=?
2023-06-29 12:08:33,735 DEBUG (BaseJdbcLogger.java:137)- ==> Parameters: 1667116738221449218(String)
2023-06-29 12:08:33,762 DEBUG (BaseJdbcLogger.java:137)- <==      Total: 1
2023-06-29 12:08:52,880 WARN (HikariPool.java:796)- HikariPool-1 - Retrograde clock change detected (housekeeper delta=29s842ms), soft-evicting connections from pool.
2023-06-29 12:14:38,470 WARN (HikariPool.java:804)- HikariPool-1 - Thread starvation or clock leap detected (housekeeper delta=5m45s591ms).
2023-06-29 12:16:00,730 WARN (HikariPool.java:804)- HikariPool-1 - Thread starvation or clock leap detected (housekeeper delta=1m22s260ms).
2023-06-29 12:19:29,856 INFO (AbstractInternalLogger.java:171)- Reconnecting, last destination was r-bp1yfwh6hywku5hhhcpd.redis.rds.aliyuncs.com/198.18.0.101:6379
2023-06-29 12:19:29,934 INFO (ReconnectionHandler.java:174)- Reconnected to r-bp1yfwh6hywku5hhhcpd.redis.rds.aliyuncs.com/<unresolved>:6379
2023-06-29 12:40:57,154 INFO (WebSocketMessageBrokerStats.java:128)- WebSocketSession[1 current WS(1)-HttpStream(0)-HttpPoll(0), 6 total, 0 closed abnormally (0 connect failure, 0 send limit, 1 transport error)], stompSubProtocol[processed CONNECT(0)-CONNECTED(0)-DISCONNECT(0)], stompBrokerRelay[null], inboundChannel[pool size = 0, active threads = 0, queued tasks = 0, completed tasks = 15], outboundChannel[pool size = 0, active threads = 0, queued tasks = 0, completed tasks = 5], sockJsScheduler[pool size = 6, active threads = 1, queued tasks = 0, completed tasks = 5]
2023-06-29 13:10:57,085 INFO (WebSocketMessageBrokerStats.java:128)- WebSocketSession[1 current WS(1)-HttpStream(0)-HttpPoll(0), 6 total, 0 closed abnormally (0 connect failure, 0 send limit, 1 transport error)], stompSubProtocol[processed CONNECT(0)-CONNECTED(0)-DISCONNECT(0)], stompBrokerRelay[null], inboundChannel[pool size = 0, active threads = 0, queued tasks = 0, completed tasks = 15], outboundChannel[pool size = 0, active threads = 0, queued tasks = 0, completed tasks = 5], sockJsScheduler[pool size = 7, active threads = 1, queued tasks = 0, completed tasks = 6]
2023-06-29 13:40:57,135 INFO (WebSocketMessageBrokerStats.java:128)- WebSocketSession[1 current WS(1)-HttpStream(0)-HttpPoll(0), 6 total, 0 closed abnormally (0 connect failure, 0 send limit, 1 transport error)], stompSubProtocol[processed CONNECT(0)-CONNECTED(0)-DISCONNECT(0)], stompBrokerRelay[null], inboundChannel[pool size = 0, active threads = 0, queued tasks = 0, completed tasks = 15], outboundChannel[pool size = 0, active threads = 0, queued tasks = 0, completed tasks = 5], sockJsScheduler[pool size = 8, active threads = 1, queued tasks = 0, completed tasks = 7]
2023-06-29 14:10:57,204 INFO (WebSocketMessageBrokerStats.java:128)- WebSocketSession[1 current WS(1)-HttpStream(0)-HttpPoll(0), 6 total, 0 closed abnormally (0 connect failure, 0 send limit, 1 transport error)], stompSubProtocol[processed CONNECT(0)-CONNECTED(0)-DISCONNECT(0)], stompBrokerRelay[null], inboundChannel[pool size = 0, active threads = 0, queued tasks = 0, completed tasks = 15], outboundChannel[pool size = 0, active threads = 0, queued tasks = 0, completed tasks = 5], sockJsScheduler[pool size = 9, active threads = 1, queued tasks = 0, completed tasks = 8]
2023-06-29 14:40:57,313 INFO (WebSocketMessageBrokerStats.java:128)- WebSocketSession[1 current WS(1)-HttpStream(0)-HttpPoll(0), 6 total, 0 closed abnormally (0 connect failure, 0 send limit, 1 transport error)], stompSubProtocol[processed CONNECT(0)-CONNECTED(0)-DISCONNECT(0)], stompBrokerRelay[null], inboundChannel[pool size = 0, active threads = 0, queued tasks = 0, completed tasks = 15], outboundChannel[pool size = 0, active threads = 0, queued tasks = 0, completed tasks = 5], sockJsScheduler[pool size = 10, active threads = 1, queued tasks = 0, completed tasks = 9]
2023-06-29 15:10:57,326 INFO (WebSocketMessageBrokerStats.java:128)- WebSocketSession[1 current WS(1)-HttpStream(0)-HttpPoll(0), 6 total, 0 closed abnormally (0 connect failure, 0 send limit, 1 transport error)], stompSubProtocol[processed CONNECT(0)-CONNECTED(0)-DISCONNECT(0)], stompBrokerRelay[null], inboundChannel[pool size = 0, active threads = 0, queued tasks = 0, completed tasks = 15], outboundChannel[pool size = 0, active threads = 0, queued tasks = 0, completed tasks = 5], sockJsScheduler[pool size = 10, active threads = 1, queued tasks = 0, completed tasks = 10]
2023-06-29 15:40:57,341 INFO (WebSocketMessageBrokerStats.java:128)- WebSocketSession[1 current WS(1)-HttpStream(0)-HttpPoll(0), 6 total, 0 closed abnormally (0 connect failure, 0 send limit, 1 transport error)], stompSubProtocol[processed CONNECT(0)-CONNECTED(0)-DISCONNECT(0)], stompBrokerRelay[null], inboundChannel[pool size = 0, active threads = 0, queued tasks = 0, completed tasks = 15], outboundChannel[pool size = 0, active threads = 0, queued tasks = 0, completed tasks = 5], sockJsScheduler[pool size = 10, active threads = 1, queued tasks = 0, completed tasks = 11]
2023-06-29 16:10:57,398 INFO (WebSocketMessageBrokerStats.java:128)- WebSocketSession[1 current WS(1)-HttpStream(0)-HttpPoll(0), 6 total, 0 closed abnormally (0 connect failure, 0 send limit, 1 transport error)], stompSubProtocol[processed CONNECT(0)-CONNECTED(0)-DISCONNECT(0)], stompBrokerRelay[null], inboundChannel[pool size = 0, active threads = 0, queued tasks = 0, completed tasks = 15], outboundChannel[pool size = 0, active threads = 0, queued tasks = 0, completed tasks = 5], sockJsScheduler[pool size = 10, active threads = 1, queued tasks = 0, completed tasks = 12]
2023-06-29 16:40:57,414 INFO (WebSocketMessageBrokerStats.java:128)- WebSocketSession[1 current WS(1)-HttpStream(0)-HttpPoll(0), 6 total, 0 closed abnormally (0 connect failure, 0 send limit, 1 transport error)], stompSubProtocol[processed CONNECT(0)-CONNECTED(0)-DISCONNECT(0)], stompBrokerRelay[null], inboundChannel[pool size = 0, active threads = 0, queued tasks = 0, completed tasks = 15], outboundChannel[pool size = 0, active threads = 0, queued tasks = 0, completed tasks = 5], sockJsScheduler[pool size = 10, active threads = 1, queued tasks = 0, completed tasks = 13]
2023-06-29 17:10:57,415 INFO (WebSocketMessageBrokerStats.java:128)- WebSocketSession[1 current WS(1)-HttpStream(0)-HttpPoll(0), 6 total, 0 closed abnormally (0 connect failure, 0 send limit, 1 transport error)], stompSubProtocol[processed CONNECT(0)-CONNECTED(0)-DISCONNECT(0)], stompBrokerRelay[null], inboundChannel[pool size = 0, active threads = 0, queued tasks = 0, completed tasks = 15], outboundChannel[pool size = 0, active threads = 0, queued tasks = 0, completed tasks = 5], sockJsScheduler[pool size = 10, active threads = 1, queued tasks = 0, completed tasks = 14]
2023-06-29 17:17:33,020 WARN (HikariPool.java:796)- HikariPool-1 - Retrograde clock change detected (housekeeper delta=29s857ms), soft-evicting connections from pool.
2023-06-29 17:40:57,331 INFO (WebSocketMessageBrokerStats.java:128)- WebSocketSession[1 current WS(1)-HttpStream(0)-HttpPoll(0), 6 total, 0 closed abnormally (0 connect failure, 0 send limit, 1 transport error)], stompSubProtocol[processed CONNECT(0)-CONNECTED(0)-DISCONNECT(0)], stompBrokerRelay[null], inboundChannel[pool size = 0, active threads = 0, queued tasks = 0, completed tasks = 15], outboundChannel[pool size = 0, active threads = 0, queued tasks = 0, completed tasks = 5], sockJsScheduler[pool size = 10, active threads = 1, queued tasks = 0, completed tasks = 15]
2023-06-29 17:55:53,024 INFO (CompositeLog.java:117)- Stopping...
2023-06-29 17:55:53,025 INFO (CompositeLog.java:117)- BrokerAvailabilityEvent[available=false, SimpleBrokerMessageHandler [org.springframework.messaging.simp.broker.DefaultSubscriptionRegistry@6fa4fc9]]
2023-06-29 17:55:53,025 INFO (CompositeLog.java:117)- Stopped.
2023-06-29 17:55:54,157 INFO (HikariDataSource.java:350)- HikariPool-1 - Shutdown initiated...
2023-06-29 17:55:54,158 INFO (HikariDataSource.java:352)- HikariPool-1 - Shutdown completed.
