2023-06-27 00:18:21,199 INFO (WebSocketMessageBrokerStats.java:128)- WebSocketSession[0 current WS(0)-HttpStream(0)-HttpPoll(0), 0 total, 0 closed abnormally (0 connect failure, 0 send limit, 0 transport error)], stompSubProtocol[processed CONNECT(0)-CONNECTED(0)-DISCONNECT(0)], stompBrokerRelay[null], inboundChannel[pool size = 0, active threads = 0, queued tasks = 0, completed tasks = 0], outboundChannel[pool size = 0, active threads = 0, queued tasks = 0, completed tasks = 0], sockJsScheduler[pool size = 10, active threads = 1, queued tasks = 0, completed tasks = 9]
2023-06-27 00:49:12,826 WARN (HikariPool.java:804)- HikariPool-1 - Thread starvation or clock leap detected (housekeeper delta=16m45s674ms).
2023-06-27 01:16:31,990 WARN (HikariPool.java:804)- HikariPool-1 - Thread starvation or clock leap detected (housekeeper delta=16m19s2ms).
2023-06-27 01:34:27,630 WARN (HikariPool.java:804)- HikariPool-1 - Thread starvation or clock leap detected (housekeeper delta=15m55s608ms).
2023-06-27 01:35:51,601 INFO (WebSocketMessageBrokerStats.java:128)- WebSocketSession[0 current WS(0)-HttpStream(0)-HttpPoll(0), 0 total, 0 closed abnormally (0 connect failure, 0 send limit, 0 transport error)], stompSubProtocol[processed CONNECT(0)-CONNECTED(0)-DISCONNECT(0)], stompBrokerRelay[null], inboundChannel[pool size = 0, active threads = 0, queued tasks = 0, completed tasks = 0], outboundChannel[pool size = 0, active threads = 0, queued tasks = 0, completed tasks = 0], sockJsScheduler[pool size = 10, active threads = 1, queued tasks = 0, completed tasks = 10]
2023-06-27 01:58:37,818 WARN (HikariPool.java:804)- HikariPool-1 - Thread starvation or clock leap detected (housekeeper delta=17m40s88ms).
2023-06-27 02:13:37,891 WARN (HikariPool.java:796)- HikariPool-1 - Retrograde clock change detected (housekeeper delta=29s839ms), soft-evicting connections from pool.
2023-06-27 02:36:44,871 WARN (HikariPool.java:804)- HikariPool-1 - Thread starvation or clock leap detected (housekeeper delta=15m36s867ms).
2023-06-27 02:38:08,361 INFO (WebSocketMessageBrokerStats.java:128)- WebSocketSession[0 current WS(0)-HttpStream(0)-HttpPoll(0), 0 total, 0 closed abnormally (0 connect failure, 0 send limit, 0 transport error)], stompSubProtocol[processed CONNECT(0)-CONNECTED(0)-DISCONNECT(0)], stompBrokerRelay[null], inboundChannel[pool size = 0, active threads = 0, queued tasks = 0, completed tasks = 0], outboundChannel[pool size = 0, active threads = 0, queued tasks = 0, completed tasks = 0], sockJsScheduler[pool size = 10, active threads = 1, queued tasks = 0, completed tasks = 11]
2023-06-27 02:54:52,815 WARN (HikariPool.java:804)- HikariPool-1 - Thread starvation or clock leap detected (housekeeper delta=16m7s900ms).
2023-06-27 03:17:10,426 WARN (HikariPool.java:804)- HikariPool-1 - Thread starvation or clock leap detected (housekeeper delta=15m47s501ms).
2023-06-27 03:39:03,869 INFO (WebSocketMessageBrokerStats.java:128)- WebSocketSession[0 current WS(0)-HttpStream(0)-HttpPoll(0), 0 total, 0 closed abnormally (0 connect failure, 0 send limit, 0 transport error)], stompSubProtocol[processed CONNECT(0)-CONNECTED(0)-DISCONNECT(0)], stompBrokerRelay[null], inboundChannel[pool size = 0, active threads = 0, queued tasks = 0, completed tasks = 0], outboundChannel[pool size = 0, active threads = 0, queued tasks = 0, completed tasks = 0], sockJsScheduler[pool size = 10, active threads = 1, queued tasks = 0, completed tasks = 12]
2023-06-27 03:56:26,335 WARN (HikariPool.java:804)- HikariPool-1 - Thread starvation or clock leap detected (housekeeper delta=16m45s461ms).
2023-06-27 04:18:33,524 WARN (HikariPool.java:804)- HikariPool-1 - Thread starvation or clock leap detected (housekeeper delta=15m37s36ms).
2023-06-27 04:45:09,509 WARN (HikariPool.java:804)- HikariPool-1 - Thread starvation or clock leap detected (housekeeper delta=15m35s802ms).
2023-06-27 05:05:27,226 WARN (HikariPool.java:804)- HikariPool-1 - Thread starvation or clock leap detected (housekeeper delta=15m47s633ms).
2023-06-27 05:10:49,867 INFO (WebSocketMessageBrokerStats.java:128)- WebSocketSession[0 current WS(0)-HttpStream(0)-HttpPoll(0), 0 total, 0 closed abnormally (0 connect failure, 0 send limit, 0 transport error)], stompSubProtocol[processed CONNECT(0)-CONNECTED(0)-DISCONNECT(0)], stompBrokerRelay[null], inboundChannel[pool size = 0, active threads = 0, queued tasks = 0, completed tasks = 0], outboundChannel[pool size = 0, active threads = 0, queued tasks = 0, completed tasks = 0], sockJsScheduler[pool size = 10, active threads = 1, queued tasks = 0, completed tasks = 13]
2023-06-27 05:21:37,839 WARN (HikariPool.java:804)- HikariPool-1 - Thread starvation or clock leap detected (housekeeper delta=9m40s493ms).
2023-06-27 05:42:51,201 WARN (HikariPool.java:804)- HikariPool-1 - Thread starvation or clock leap detected (housekeeper delta=17m13s299ms).
2023-06-27 06:07:08,727 WARN (HikariPool.java:804)- HikariPool-1 - Thread starvation or clock leap detected (housekeeper delta=17m17s299ms).
2023-06-27 06:22:30,837 WARN (HikariPool.java:804)- HikariPool-1 - Thread starvation or clock leap detected (housekeeper delta=6m21s943ms).
2023-06-27 06:29:22,723 INFO (WebSocketMessageBrokerStats.java:128)- WebSocketSession[0 current WS(0)-HttpStream(0)-HttpPoll(0), 0 total, 0 closed abnormally (0 connect failure, 0 send limit, 0 transport error)], stompSubProtocol[processed CONNECT(0)-CONNECTED(0)-DISCONNECT(0)], stompBrokerRelay[null], inboundChannel[pool size = 0, active threads = 0, queued tasks = 0, completed tasks = 0], outboundChannel[pool size = 0, active threads = 0, queued tasks = 0, completed tasks = 0], sockJsScheduler[pool size = 10, active threads = 1, queued tasks = 0, completed tasks = 14]
2023-06-27 06:49:05,502 WARN (HikariPool.java:804)- HikariPool-1 - Thread starvation or clock leap detected (housekeeper delta=15m34s468ms).
2023-06-27 07:20:14,480 WARN (HikariPool.java:804)- HikariPool-1 - Thread starvation or clock leap detected (housekeeper delta=17m38s738ms).
2023-06-27 07:46:00,243 WARN (HikariPool.java:804)- HikariPool-1 - Thread starvation or clock leap detected (housekeeper delta=16m15s592ms).
2023-06-27 07:47:21,551 INFO (WebSocketMessageBrokerStats.java:128)- WebSocketSession[0 current WS(0)-HttpStream(0)-HttpPoll(0), 0 total, 0 closed abnormally (0 connect failure, 0 send limit, 0 transport error)], stompSubProtocol[processed CONNECT(0)-CONNECTED(0)-DISCONNECT(0)], stompBrokerRelay[null], inboundChannel[pool size = 0, active threads = 0, queued tasks = 0, completed tasks = 0], outboundChannel[pool size = 0, active threads = 0, queued tasks = 0, completed tasks = 0], sockJsScheduler[pool size = 10, active threads = 1, queued tasks = 0, completed tasks = 15]
2023-06-27 08:00:26,279 WARN (HikariPool.java:804)- HikariPool-1 - Thread starvation or clock leap detected (housekeeper delta=10m25s961ms).
2023-06-27 08:27:17,505 INFO (WebSocketMessageBrokerStats.java:128)- WebSocketSession[0 current WS(0)-HttpStream(0)-HttpPoll(0), 0 total, 0 closed abnormally (0 connect failure, 0 send limit, 0 transport error)], stompSubProtocol[processed CONNECT(0)-CONNECTED(0)-DISCONNECT(0)], stompBrokerRelay[null], inboundChannel[pool size = 0, active threads = 0, queued tasks = 0, completed tasks = 0], outboundChannel[pool size = 0, active threads = 0, queued tasks = 0, completed tasks = 0], sockJsScheduler[pool size = 10, active threads = 1, queued tasks = 0, completed tasks = 16]
2023-06-27 08:49:42,424 WARN (HikariPool.java:804)- HikariPool-1 - Thread starvation or clock leap detected (housekeeper delta=15m45s594ms).
2023-06-27 09:08:52,367 DEBUG (BaseJdbcLogger.java:137)- ==>  Preparing: SELECT user_id,username,password,icon,email,status,nickname,time_create,time_update,remark FROM t_user WHERE (username = ? AND password = ?)
2023-06-27 09:08:52,369 DEBUG (BaseJdbcLogger.java:137)- ==> Parameters: admin(String), 123(String)
2023-06-27 09:08:52,394 DEBUG (BaseJdbcLogger.java:137)- <==      Total: 1
2023-06-27 09:12:33,031 INFO (WebSocketMessageBrokerStats.java:128)- WebSocketSession[0 current WS(0)-HttpStream(0)-HttpPoll(0), 0 total, 0 closed abnormally (0 connect failure, 0 send limit, 0 transport error)], stompSubProtocol[processed CONNECT(0)-CONNECTED(0)-DISCONNECT(0)], stompBrokerRelay[null], inboundChannel[pool size = 0, active threads = 0, queued tasks = 0, completed tasks = 0], outboundChannel[pool size = 0, active threads = 0, queued tasks = 0, completed tasks = 0], sockJsScheduler[pool size = 10, active threads = 1, queued tasks = 0, completed tasks = 17]
2023-06-27 09:34:46,379 DEBUG (BaseJdbcLogger.java:137)- ==>  Preparing: SELECT user_id,username,password,icon,email,status,nickname,time_create,time_update,remark FROM t_user WHERE (username = ? AND password = ?)
2023-06-27 09:34:46,386 DEBUG (BaseJdbcLogger.java:137)- ==> Parameters: admin(String), 123(String)
2023-06-27 09:34:46,422 DEBUG (BaseJdbcLogger.java:137)- <==      Total: 1
2023-06-27 09:38:26,325 INFO (LocalDevToolsAutoConfiguration.java:211)- Restarting due to 53 class path changes (0 additions, 47 deletions, 6 modifications)
2023-06-27 09:38:26,330 INFO (CompositeLog.java:117)- Stopping...
2023-06-27 09:38:26,330 INFO (CompositeLog.java:117)- BrokerAvailabilityEvent[available=false, SimpleBrokerMessageHandler [org.springframework.messaging.simp.broker.DefaultSubscriptionRegistry@20c04d51]]
2023-06-27 09:38:26,330 INFO (CompositeLog.java:117)- Stopped.
2023-06-27 09:38:26,333 INFO (DirectJDKLog.java:173)- Pausing ProtocolHandler ["http-nio-8081"]
2023-06-27 09:38:26,333 INFO (DirectJDKLog.java:173)- Stopping service [Tomcat]
2023-06-27 09:38:26,334 INFO (DirectJDKLog.java:173)- Destroying Spring FrameworkServlet 'dispatcherServlet'
2023-06-27 09:38:26,339 WARN (DirectJDKLog.java:173)- The web application [ROOT] appears to have started a thread named [HikariPool-1 housekeeper] but has failed to stop it. This is very likely to create a memory leak. Stack trace of thread:
 java.base@17.0.7/jdk.internal.misc.Unsafe.park(Native Method)
 java.base@17.0.7/java.util.concurrent.locks.LockSupport.parkNanos(LockSupport.java:252)
 java.base@17.0.7/java.util.concurrent.locks.AbstractQueuedSynchronizer$ConditionObject.awaitNanos(AbstractQueuedSynchronizer.java:1672)
 java.base@17.0.7/java.util.concurrent.ScheduledThreadPoolExecutor$DelayedWorkQueue.take(ScheduledThreadPoolExecutor.java:1182)
 java.base@17.0.7/java.util.concurrent.ScheduledThreadPoolExecutor$DelayedWorkQueue.take(ScheduledThreadPoolExecutor.java:899)
 java.base@17.0.7/java.util.concurrent.ThreadPoolExecutor.getTask(ThreadPoolExecutor.java:1062)
 java.base@17.0.7/java.util.concurrent.ThreadPoolExecutor.runWorker(ThreadPoolExecutor.java:1122)
 java.base@17.0.7/java.util.concurrent.ThreadPoolExecutor$Worker.run(ThreadPoolExecutor.java:635)
 java.base@17.0.7/java.lang.Thread.run(Thread.java:833)
2023-06-27 09:38:26,340 INFO (DirectJDKLog.java:173)- Stopping ProtocolHandler ["http-nio-8081"]
2023-06-27 09:38:26,342 INFO (DirectJDKLog.java:173)- Destroying ProtocolHandler ["http-nio-8081"]
2023-06-27 09:38:26,357 INFO (HikariDataSource.java:350)- HikariPool-1 - Shutdown initiated...
2023-06-27 09:38:26,357 INFO (HikariDataSource.java:352)- HikariPool-1 - Shutdown completed.
2023-06-27 09:38:26,421 INFO (StartupInfoLogger.java:51)- Starting OrionAdminApplication using Java 17.0.7 with PID 81815 (/Users/berior/Developer/IdeaProjects/orion/orion-admin/target/classes started by berior in /Users/berior/Developer/IdeaProjects/orion)
2023-06-27 09:38:26,421 DEBUG (StartupInfoLogger.java:52)- Running with Spring Boot v3.1.0, Spring v6.0.9
2023-06-27 09:38:26,421 INFO (SpringApplication.java:639)- The following 1 profile is active: "prod"
2023-06-27 09:38:26,533 INFO (RepositoryConfigurationDelegate.java:291)- Multiple Spring Data modules found, entering strict repository configuration mode
2023-06-27 09:38:26,533 INFO (RepositoryConfigurationDelegate.java:138)- Bootstrapping Spring Data Redis repositories in DEFAULT mode.
2023-06-27 09:38:26,538 INFO (RepositoryConfigurationDelegate.java:208)- Finished Spring Data repository scanning in 4 ms. Found 0 Redis repository interfaces.
2023-06-27 09:38:26,638 INFO (TomcatWebServer.java:108)- Tomcat initialized with port(s): 443 (https)
2023-06-27 09:38:26,638 INFO (DirectJDKLog.java:173)- Initializing ProtocolHandler ["https-jsse-nio-443"]
2023-06-27 09:38:26,639 INFO (DirectJDKLog.java:173)- Starting service [Tomcat]
2023-06-27 09:38:26,639 INFO (DirectJDKLog.java:173)- Starting Servlet engine: [Apache Tomcat/10.1.8]
2023-06-27 09:38:26,646 INFO (DirectJDKLog.java:173)- Initializing Spring embedded WebApplicationContext
2023-06-27 09:38:26,646 INFO (ServletWebServerApplicationContext.java:291)- Root WebApplicationContext: initialization completed in 223 ms
2023-06-27 09:38:27,120 INFO (OptionalLiveReloadServer.java:59)- LiveReload server is running on port 35729
2023-06-27 09:38:27,143 INFO (DirectJDKLog.java:173)- Starting ProtocolHandler ["https-jsse-nio-443"]
2023-06-27 09:38:27,221 INFO (DirectJDKLog.java:173)- Connector [https-jsse-nio-443], TLS virtual host [_default_], certificate type [UNDEFINED] configured from [/Users/berior/.keystore] using alias [alias] and with trust store [null]
2023-06-27 09:38:27,222 INFO (TomcatWebServer.java:220)- Tomcat started on port(s): 443 (https) with context path ''
2023-06-27 09:38:27,225 INFO (StartupInfoLogger.java:57)- Started OrionAdminApplication in 0.824 seconds (process running for 32216.062)
2023-06-27 09:38:27,228 INFO (ConditionEvaluationDeltaLoggingListener.java:58)- Condition evaluation delta:


==========================
CONDITION EVALUATION DELTA
==========================


Positive matches:
-----------------

   TaskExecutionAutoConfiguration#applicationTaskExecutor matched:
      - @ConditionalOnMissingBean (types: java.util.concurrent.Executor; SearchStrategy: all) did not find any beans (OnBeanCondition)


Negative matches:
-----------------

   WebSocketMessagingAutoConfiguration.WebSocketMessageConverterConfiguration:
      Did not match:
         - @ConditionalOnBean (types: org.springframework.web.socket.config.annotation.DelegatingWebSocketMessageBrokerConfiguration,com.fasterxml.jackson.databind.ObjectMapper; SearchStrategy: all) did not find any beans of type org.springframework.web.socket.config.annotation.DelegatingWebSocketMessageBrokerConfiguration (OnBeanCondition)
      Matched:
         - @ConditionalOnClass found required classes 'com.fasterxml.jackson.databind.ObjectMapper', 'org.springframework.messaging.simp.config.AbstractMessageBrokerConfiguration' (OnClassCondition)


Exclusions:
-----------

    None


Unconditional classes:
----------------------

    None



2023-06-27 09:38:28,531 INFO (LocalDevToolsAutoConfiguration.java:211)- Restarting due to 47 class path changes (47 additions, 0 deletions, 0 modifications)
2023-06-27 09:38:28,533 INFO (DirectJDKLog.java:173)- Pausing ProtocolHandler ["https-jsse-nio-443"]
2023-06-27 09:38:28,533 INFO (DirectJDKLog.java:173)- Stopping service [Tomcat]
2023-06-27 09:38:28,534 INFO (DirectJDKLog.java:173)- Stopping ProtocolHandler ["https-jsse-nio-443"]
2023-06-27 09:38:28,535 INFO (DirectJDKLog.java:173)- Destroying ProtocolHandler ["https-jsse-nio-443"]
2023-06-27 09:38:28,593 INFO (StartupInfoLogger.java:51)- Starting OrionAdminApplication using Java 17.0.7 with PID 81815 (/Users/berior/Developer/IdeaProjects/orion/orion-admin/target/classes started by berior in /Users/berior/Developer/IdeaProjects/orion)
2023-06-27 09:38:28,593 DEBUG (StartupInfoLogger.java:52)- Running with Spring Boot v3.1.0, Spring v6.0.9
2023-06-27 09:38:28,593 INFO (SpringApplication.java:639)- The following 1 profile is active: "prod"
2023-06-27 09:38:28,683 INFO (RepositoryConfigurationDelegate.java:291)- Multiple Spring Data modules found, entering strict repository configuration mode
2023-06-27 09:38:28,683 INFO (RepositoryConfigurationDelegate.java:138)- Bootstrapping Spring Data Redis repositories in DEFAULT mode.
2023-06-27 09:38:28,687 INFO (RepositoryConfigurationDelegate.java:208)- Finished Spring Data repository scanning in 3 ms. Found 0 Redis repository interfaces.
2023-06-27 09:38:28,743 INFO (TomcatWebServer.java:108)- Tomcat initialized with port(s): 443 (https)
2023-06-27 09:38:28,743 INFO (DirectJDKLog.java:173)- Initializing ProtocolHandler ["https-jsse-nio-443"]
2023-06-27 09:38:28,743 INFO (DirectJDKLog.java:173)- Starting service [Tomcat]
2023-06-27 09:38:28,743 INFO (DirectJDKLog.java:173)- Starting Servlet engine: [Apache Tomcat/10.1.8]
2023-06-27 09:38:28,748 INFO (DirectJDKLog.java:173)- Initializing Spring embedded WebApplicationContext
2023-06-27 09:38:28,748 INFO (ServletWebServerApplicationContext.java:291)- Root WebApplicationContext: initialization completed in 154 ms
2023-06-27 09:38:29,091 INFO (OptionalLiveReloadServer.java:59)- LiveReload server is running on port 35729
2023-06-27 09:38:29,099 INFO (DirectJDKLog.java:173)- Starting ProtocolHandler ["https-jsse-nio-443"]
2023-06-27 09:38:29,103 INFO (DirectJDKLog.java:173)- Connector [https-jsse-nio-443], TLS virtual host [_default_], certificate type [UNDEFINED] configured from [/Users/berior/.keystore] using alias [alias] and with trust store [null]
2023-06-27 09:38:29,103 INFO (TomcatWebServer.java:220)- Tomcat started on port(s): 443 (https) with context path ''
2023-06-27 09:38:29,105 INFO (Knife4jConfig.java:27)- 项目启动启动成功！Knife4j 接口文档地址: http://127.0.0.1:443/doc.html
2023-06-27 09:38:29,105 INFO (CompositeLog.java:117)- Starting...
2023-06-27 09:38:29,105 INFO (CompositeLog.java:117)- BrokerAvailabilityEvent[available=true, SimpleBrokerMessageHandler [org.springframework.messaging.simp.broker.DefaultSubscriptionRegistry@aa9d4a9]]
2023-06-27 09:38:29,105 INFO (CompositeLog.java:117)- Started.
2023-06-27 09:38:29,108 INFO (StartupInfoLogger.java:57)- Started OrionAdminApplication in 0.53 seconds (process running for 32217.945)
2023-06-27 09:38:29,109 INFO (ConditionEvaluationDeltaLoggingListener.java:58)- Condition evaluation delta:


==========================
CONDITION EVALUATION DELTA
==========================


Positive matches:
-----------------

   WebSocketMessagingAutoConfiguration.WebSocketMessageConverterConfiguration matched:
      - @ConditionalOnClass found required classes 'com.fasterxml.jackson.databind.ObjectMapper', 'org.springframework.messaging.simp.config.AbstractMessageBrokerConfiguration' (OnClassCondition)
      - @ConditionalOnBean (types: org.springframework.web.socket.config.annotation.DelegatingWebSocketMessageBrokerConfiguration,com.fasterxml.jackson.databind.ObjectMapper; SearchStrategy: all) found beans 'jacksonObjectMapper', 'org.springframework.web.socket.config.annotation.DelegatingWebSocketMessageBrokerConfiguration' (OnBeanCondition)


Negative matches:
-----------------

   TaskExecutionAutoConfiguration#applicationTaskExecutor:
      Did not match:
         - @ConditionalOnMissingBean (types: java.util.concurrent.Executor; SearchStrategy: all) found beans of type 'java.util.concurrent.Executor' clientInboundChannelExecutor, clientOutboundChannelExecutor, brokerChannelExecutor (OnBeanCondition)


Exclusions:
-----------

    None


Unconditional classes:
----------------------

    None



2023-06-27 09:39:28,879 INFO (WebSocketMessageBrokerStats.java:128)- WebSocketSession[0 current WS(0)-HttpStream(0)-HttpPoll(0), 0 total, 0 closed abnormally (0 connect failure, 0 send limit, 0 transport error)], stompSubProtocol[processed CONNECT(0)-CONNECTED(0)-DISCONNECT(0)], stompBrokerRelay[null], inboundChannel[pool size = 0, active threads = 0, queued tasks = 0, completed tasks = 0], outboundChannel[pool size = 0, active threads = 0, queued tasks = 0, completed tasks = 0], sockJsScheduler[pool size = 1, active threads = 1, queued tasks = 0, completed tasks = 0]
2023-06-27 09:40:44,933 INFO (CompositeLog.java:117)- Stopping...
2023-06-27 09:40:44,933 INFO (CompositeLog.java:117)- BrokerAvailabilityEvent[available=false, SimpleBrokerMessageHandler [org.springframework.messaging.simp.broker.DefaultSubscriptionRegistry@aa9d4a9]]
2023-06-27 09:40:44,933 INFO (CompositeLog.java:117)- Stopped.
2023-06-27 09:40:49,645 INFO (StartupInfoLogger.java:51)- Starting OrionAdminApplication using Java 17.0.7 with PID 92505 (/Users/berior/Developer/IdeaProjects/orion/orion-admin/target/classes started by berior in /Users/berior/Developer/IdeaProjects/orion)
2023-06-27 09:40:49,646 DEBUG (StartupInfoLogger.java:52)- Running with Spring Boot v3.1.0, Spring v6.0.9
2023-06-27 09:40:49,647 INFO (SpringApplication.java:639)- The following 1 profile is active: "prod"
2023-06-27 09:40:49,668 INFO (DeferredLog.java:250)- Devtools property defaults active! Set 'spring.devtools.add-properties' to 'false' to disable
2023-06-27 09:40:49,668 INFO (DeferredLog.java:250)- For additional web related logging consider setting the 'logging.level.web' property to 'DEBUG'
2023-06-27 09:40:50,006 INFO (RepositoryConfigurationDelegate.java:291)- Multiple Spring Data modules found, entering strict repository configuration mode
2023-06-27 09:40:50,007 INFO (RepositoryConfigurationDelegate.java:138)- Bootstrapping Spring Data Redis repositories in DEFAULT mode.
2023-06-27 09:40:50,023 INFO (RepositoryConfigurationDelegate.java:208)- Finished Spring Data repository scanning in 9 ms. Found 0 Redis repository interfaces.
2023-06-27 09:40:50,359 INFO (TomcatWebServer.java:108)- Tomcat initialized with port(s): 443 (https)
2023-06-27 09:40:50,363 INFO (DirectJDKLog.java:173)- Initializing ProtocolHandler ["https-jsse-nio-443"]
2023-06-27 09:40:50,365 INFO (DirectJDKLog.java:173)- Starting service [Tomcat]
2023-06-27 09:40:50,365 INFO (DirectJDKLog.java:173)- Starting Servlet engine: [Apache Tomcat/10.1.8]
2023-06-27 09:40:50,387 INFO (DirectJDKLog.java:173)- Initializing Spring embedded WebApplicationContext
2023-06-27 09:40:50,387 INFO (ServletWebServerApplicationContext.java:291)- Root WebApplicationContext: initialization completed in 719 ms
2023-06-27 09:40:51,267 INFO (OptionalLiveReloadServer.java:59)- LiveReload server is running on port 35729
2023-06-27 09:40:51,279 INFO (DirectJDKLog.java:173)- Starting ProtocolHandler ["https-jsse-nio-443"]
2023-06-27 09:40:51,343 INFO (DirectJDKLog.java:173)- Connector [https-jsse-nio-443], TLS virtual host [_default_], certificate type [UNDEFINED] configured from [/Users/berior/.keystore] using alias [alias] and with trust store [null]
2023-06-27 09:40:51,350 INFO (TomcatWebServer.java:220)- Tomcat started on port(s): 443 (https) with context path ''
2023-06-27 09:40:51,352 INFO (Knife4jConfig.java:27)- 项目启动启动成功！Knife4j 接口文档地址: http://127.0.0.1:443/doc.html
2023-06-27 09:40:51,353 INFO (CompositeLog.java:117)- Starting...
2023-06-27 09:40:51,353 INFO (CompositeLog.java:117)- BrokerAvailabilityEvent[available=true, SimpleBrokerMessageHandler [org.springframework.messaging.simp.broker.DefaultSubscriptionRegistry@fbfab5]]
2023-06-27 09:40:51,353 INFO (CompositeLog.java:117)- Started.
2023-06-27 09:40:51,360 INFO (StartupInfoLogger.java:57)- Started OrionAdminApplication in 1.937 seconds (process running for 2.223)
2023-06-27 09:40:53,367 INFO (CompositeLog.java:117)- Stopping...
2023-06-27 09:40:53,367 INFO (CompositeLog.java:117)- BrokerAvailabilityEvent[available=false, SimpleBrokerMessageHandler [org.springframework.messaging.simp.broker.DefaultSubscriptionRegistry@fbfab5]]
2023-06-27 09:40:53,367 INFO (CompositeLog.java:117)- Stopped.
2023-06-27 10:02:06,442 INFO (StartupInfoLogger.java:51)- Starting OrionAdminApplication using Java 17.0.7 with PID 92990 (/Users/berior/Developer/IdeaProjects/orion/orion-admin/target/classes started by berior in /Users/berior/Developer/IdeaProjects/orion)
2023-06-27 10:02:06,443 DEBUG (StartupInfoLogger.java:52)- Running with Spring Boot v3.1.0, Spring v6.0.9
2023-06-27 10:02:06,443 INFO (SpringApplication.java:639)- The following 1 profile is active: "prod"
2023-06-27 10:02:06,462 INFO (DeferredLog.java:250)- Devtools property defaults active! Set 'spring.devtools.add-properties' to 'false' to disable
2023-06-27 10:02:06,463 INFO (DeferredLog.java:250)- For additional web related logging consider setting the 'logging.level.web' property to 'DEBUG'
2023-06-27 10:02:06,815 INFO (RepositoryConfigurationDelegate.java:291)- Multiple Spring Data modules found, entering strict repository configuration mode
2023-06-27 10:02:06,816 INFO (RepositoryConfigurationDelegate.java:138)- Bootstrapping Spring Data Redis repositories in DEFAULT mode.
2023-06-27 10:02:06,833 INFO (RepositoryConfigurationDelegate.java:208)- Finished Spring Data repository scanning in 10 ms. Found 0 Redis repository interfaces.
2023-06-27 10:02:07,161 INFO (TomcatWebServer.java:108)- Tomcat initialized with port(s): 443 (https)
2023-06-27 10:02:07,166 INFO (DirectJDKLog.java:173)- Initializing ProtocolHandler ["https-jsse-nio-443"]
2023-06-27 10:02:07,167 INFO (DirectJDKLog.java:173)- Starting service [Tomcat]
2023-06-27 10:02:07,167 INFO (DirectJDKLog.java:173)- Starting Servlet engine: [Apache Tomcat/10.1.8]
2023-06-27 10:02:07,188 INFO (DirectJDKLog.java:173)- Initializing Spring embedded WebApplicationContext
2023-06-27 10:02:07,189 INFO (ServletWebServerApplicationContext.java:291)- Root WebApplicationContext: initialization completed in 726 ms
2023-06-27 10:02:08,035 INFO (OptionalLiveReloadServer.java:59)- LiveReload server is running on port 35729
2023-06-27 10:02:08,047 INFO (DirectJDKLog.java:173)- Starting ProtocolHandler ["https-jsse-nio-443"]
2023-06-27 10:02:08,103 INFO (DirectJDKLog.java:173)- Connector [https-jsse-nio-443], TLS virtual host [_default_], certificate type [UNDEFINED] configured from [/Users/berior/.keystore] using alias [alias] and with trust store [null]
2023-06-27 10:02:08,109 INFO (TomcatWebServer.java:220)- Tomcat started on port(s): 443 (https) with context path ''
2023-06-27 10:02:08,110 INFO (Knife4jConfig.java:27)- 项目启动启动成功！Knife4j 接口文档地址: http://192.168.28.159:443/doc.html
2023-06-27 10:02:08,111 INFO (CompositeLog.java:117)- Starting...
2023-06-27 10:02:08,111 INFO (CompositeLog.java:117)- BrokerAvailabilityEvent[available=true, SimpleBrokerMessageHandler [org.springframework.messaging.simp.broker.DefaultSubscriptionRegistry@35e32b06]]
2023-06-27 10:02:08,111 INFO (CompositeLog.java:117)- Started.
2023-06-27 10:02:08,117 INFO (StartupInfoLogger.java:57)- Started OrionAdminApplication in 1.89 seconds (process running for 2.183)
2023-06-27 10:02:22,881 INFO (CompositeLog.java:117)- Stopping...
2023-06-27 10:02:22,882 INFO (CompositeLog.java:117)- BrokerAvailabilityEvent[available=false, SimpleBrokerMessageHandler [org.springframework.messaging.simp.broker.DefaultSubscriptionRegistry@35e32b06]]
2023-06-27 10:02:22,882 INFO (CompositeLog.java:117)- Stopped.
2023-06-27 10:02:25,408 INFO (StartupInfoLogger.java:51)- Starting OrionAdminApplication using Java 17.0.7 with PID 92997 (/Users/berior/Developer/IdeaProjects/orion/orion-admin/target/classes started by berior in /Users/berior/Developer/IdeaProjects/orion)
2023-06-27 10:02:25,409 DEBUG (StartupInfoLogger.java:52)- Running with Spring Boot v3.1.0, Spring v6.0.9
2023-06-27 10:02:25,410 INFO (SpringApplication.java:639)- The following 1 profile is active: "dev"
2023-06-27 10:02:25,432 INFO (DeferredLog.java:250)- Devtools property defaults active! Set 'spring.devtools.add-properties' to 'false' to disable
2023-06-27 10:02:25,433 INFO (DeferredLog.java:250)- For additional web related logging consider setting the 'logging.level.web' property to 'DEBUG'
2023-06-27 10:02:25,809 INFO (RepositoryConfigurationDelegate.java:291)- Multiple Spring Data modules found, entering strict repository configuration mode
2023-06-27 10:02:25,810 INFO (RepositoryConfigurationDelegate.java:138)- Bootstrapping Spring Data Redis repositories in DEFAULT mode.
2023-06-27 10:02:25,827 INFO (RepositoryConfigurationDelegate.java:208)- Finished Spring Data repository scanning in 10 ms. Found 0 Redis repository interfaces.
2023-06-27 10:02:26,140 INFO (TomcatWebServer.java:108)- Tomcat initialized with port(s): 8081 (http)
2023-06-27 10:02:26,145 INFO (DirectJDKLog.java:173)- Initializing ProtocolHandler ["http-nio-8081"]
2023-06-27 10:02:26,145 INFO (DirectJDKLog.java:173)- Starting service [Tomcat]
2023-06-27 10:02:26,145 INFO (DirectJDKLog.java:173)- Starting Servlet engine: [Apache Tomcat/10.1.8]
2023-06-27 10:02:26,170 INFO (DirectJDKLog.java:173)- Initializing Spring embedded WebApplicationContext
2023-06-27 10:02:26,170 INFO (ServletWebServerApplicationContext.java:291)- Root WebApplicationContext: initialization completed in 737 ms
2023-06-27 10:02:27,132 INFO (OptionalLiveReloadServer.java:59)- LiveReload server is running on port 35729
2023-06-27 10:02:27,146 INFO (DirectJDKLog.java:173)- Starting ProtocolHandler ["http-nio-8081"]
2023-06-27 10:02:27,154 INFO (TomcatWebServer.java:220)- Tomcat started on port(s): 8081 (http) with context path ''
2023-06-27 10:02:27,156 INFO (Knife4jConfig.java:27)- 项目启动启动成功！Knife4j 接口文档地址: http://192.168.28.159:8081/doc.html
2023-06-27 10:02:27,157 INFO (CompositeLog.java:117)- Starting...
2023-06-27 10:02:27,157 INFO (CompositeLog.java:117)- BrokerAvailabilityEvent[available=true, SimpleBrokerMessageHandler [org.springframework.messaging.simp.broker.DefaultSubscriptionRegistry@63c5c2f2]]
2023-06-27 10:02:27,157 INFO (CompositeLog.java:117)- Started.
2023-06-27 10:02:27,164 INFO (StartupInfoLogger.java:57)- Started OrionAdminApplication in 2.025 seconds (process running for 2.422)
2023-06-27 10:03:26,665 INFO (WebSocketMessageBrokerStats.java:128)- WebSocketSession[0 current WS(0)-HttpStream(0)-HttpPoll(0), 0 total, 0 closed abnormally (0 connect failure, 0 send limit, 0 transport error)], stompSubProtocol[processed CONNECT(0)-CONNECTED(0)-DISCONNECT(0)], stompBrokerRelay[null], inboundChannel[pool size = 0, active threads = 0, queued tasks = 0, completed tasks = 0], outboundChannel[pool size = 0, active threads = 0, queued tasks = 0, completed tasks = 0], sockJsScheduler[pool size = 1, active threads = 1, queued tasks = 0, completed tasks = 0]
2023-06-27 10:03:50,559 INFO (CompositeLog.java:117)- Stopping...
2023-06-27 10:03:50,559 INFO (CompositeLog.java:117)- BrokerAvailabilityEvent[available=false, SimpleBrokerMessageHandler [org.springframework.messaging.simp.broker.DefaultSubscriptionRegistry@63c5c2f2]]
2023-06-27 10:03:50,559 INFO (CompositeLog.java:117)- Stopped.
2023-06-27 10:03:52,957 INFO (StartupInfoLogger.java:51)- Starting OrionAdminApplication using Java 17.0.7 with PID 93015 (/Users/berior/Developer/IdeaProjects/orion/orion-admin/target/classes started by berior in /Users/berior/Developer/IdeaProjects/orion)
2023-06-27 10:03:52,958 DEBUG (StartupInfoLogger.java:52)- Running with Spring Boot v3.1.0, Spring v6.0.9
2023-06-27 10:03:52,959 INFO (SpringApplication.java:639)- The following 1 profile is active: "dev"
2023-06-27 10:03:52,986 INFO (DeferredLog.java:250)- Devtools property defaults active! Set 'spring.devtools.add-properties' to 'false' to disable
2023-06-27 10:03:52,987 INFO (DeferredLog.java:250)- For additional web related logging consider setting the 'logging.level.web' property to 'DEBUG'
2023-06-27 10:03:53,469 INFO (RepositoryConfigurationDelegate.java:291)- Multiple Spring Data modules found, entering strict repository configuration mode
2023-06-27 10:03:53,471 INFO (RepositoryConfigurationDelegate.java:138)- Bootstrapping Spring Data Redis repositories in DEFAULT mode.
2023-06-27 10:03:53,489 INFO (RepositoryConfigurationDelegate.java:208)- Finished Spring Data repository scanning in 11 ms. Found 0 Redis repository interfaces.
2023-06-27 10:03:53,836 INFO (TomcatWebServer.java:108)- Tomcat initialized with port(s): 8081 (http)
2023-06-27 10:03:53,841 INFO (DirectJDKLog.java:173)- Initializing ProtocolHandler ["http-nio-8081"]
2023-06-27 10:03:53,841 INFO (DirectJDKLog.java:173)- Starting service [Tomcat]
2023-06-27 10:03:53,841 INFO (DirectJDKLog.java:173)- Starting Servlet engine: [Apache Tomcat/10.1.8]
2023-06-27 10:03:53,871 INFO (DirectJDKLog.java:173)- Initializing Spring embedded WebApplicationContext
2023-06-27 10:03:53,871 INFO (ServletWebServerApplicationContext.java:291)- Root WebApplicationContext: initialization completed in 879 ms
2023-06-27 10:03:55,015 INFO (OptionalLiveReloadServer.java:59)- LiveReload server is running on port 35729
2023-06-27 10:03:55,029 INFO (DirectJDKLog.java:173)- Starting ProtocolHandler ["http-nio-8081"]
2023-06-27 10:03:55,037 INFO (TomcatWebServer.java:220)- Tomcat started on port(s): 8081 (http) with context path ''
2023-06-27 10:03:55,039 INFO (Knife4jConfig.java:27)- 项目启动启动成功！Knife4j 接口文档地址: http://192.168.28.159:8081/doc.html
2023-06-27 10:03:55,040 INFO (CompositeLog.java:117)- Starting...
2023-06-27 10:03:55,040 INFO (CompositeLog.java:117)- BrokerAvailabilityEvent[available=true, SimpleBrokerMessageHandler [org.springframework.messaging.simp.broker.DefaultSubscriptionRegistry@2712bef6]]
2023-06-27 10:03:55,040 INFO (CompositeLog.java:117)- Started.
2023-06-27 10:03:55,047 INFO (StartupInfoLogger.java:57)- Started OrionAdminApplication in 2.351 seconds (process running for 2.701)
2023-06-27 10:04:54,536 INFO (WebSocketMessageBrokerStats.java:128)- WebSocketSession[0 current WS(0)-HttpStream(0)-HttpPoll(0), 0 total, 0 closed abnormally (0 connect failure, 0 send limit, 0 transport error)], stompSubProtocol[processed CONNECT(0)-CONNECTED(0)-DISCONNECT(0)], stompBrokerRelay[null], inboundChannel[pool size = 0, active threads = 0, queued tasks = 0, completed tasks = 0], outboundChannel[pool size = 0, active threads = 0, queued tasks = 0, completed tasks = 0], sockJsScheduler[pool size = 1, active threads = 1, queued tasks = 0, completed tasks = 0]
2023-06-27 10:05:59,795 INFO (DirectJDKLog.java:173)- Initializing Spring DispatcherServlet 'dispatcherServlet'
2023-06-27 10:05:59,795 INFO (FrameworkServlet.java:532)- Initializing Servlet 'dispatcherServlet'
2023-06-27 10:05:59,796 INFO (FrameworkServlet.java:554)- Completed initialization in 1 ms
2023-06-27 10:05:59,882 WARN (ReflectLambdaMeta.java:41)- Unable to make field private final java.lang.Class java.lang.invoke.SerializedLambda.capturingClass accessible: module java.base does not "opens java.lang.invoke" to unnamed module @4a0ef63a
2023-06-27 10:05:59,891 INFO (HikariDataSource.java:110)- HikariPool-1 - Starting...
2023-06-27 10:06:00,297 INFO (HikariPool.java:565)- HikariPool-1 - Added connection com.mysql.cj.jdbc.ConnectionImpl@46af597b
2023-06-27 10:06:00,298 INFO (HikariDataSource.java:123)- HikariPool-1 - Start completed.
2023-06-27 10:06:00,308 DEBUG (BaseJdbcLogger.java:137)- ==>  Preparing: SELECT user_id,username,password,icon,email,status,nickname,time_create,time_update,remark FROM t_user WHERE (username = ? AND password = ?)
2023-06-27 10:06:00,331 DEBUG (BaseJdbcLogger.java:137)- ==> Parameters: admin(String), 123(String)
2023-06-27 10:06:00,375 DEBUG (BaseJdbcLogger.java:137)- <==      Total: 1
2023-06-27 10:34:54,561 INFO (WebSocketMessageBrokerStats.java:128)- WebSocketSession[0 current WS(0)-HttpStream(0)-HttpPoll(0), 0 total, 0 closed abnormally (0 connect failure, 0 send limit, 0 transport error)], stompSubProtocol[processed CONNECT(0)-CONNECTED(0)-DISCONNECT(0)], stompBrokerRelay[null], inboundChannel[pool size = 0, active threads = 0, queued tasks = 0, completed tasks = 0], outboundChannel[pool size = 0, active threads = 0, queued tasks = 0, completed tasks = 0], sockJsScheduler[pool size = 2, active threads = 1, queued tasks = 0, completed tasks = 1]
2023-06-27 11:04:54,593 INFO (WebSocketMessageBrokerStats.java:128)- WebSocketSession[0 current WS(0)-HttpStream(0)-HttpPoll(0), 0 total, 0 closed abnormally (0 connect failure, 0 send limit, 0 transport error)], stompSubProtocol[processed CONNECT(0)-CONNECTED(0)-DISCONNECT(0)], stompBrokerRelay[null], inboundChannel[pool size = 0, active threads = 0, queued tasks = 0, completed tasks = 0], outboundChannel[pool size = 0, active threads = 0, queued tasks = 0, completed tasks = 0], sockJsScheduler[pool size = 3, active threads = 1, queued tasks = 0, completed tasks = 2]
2023-06-27 11:16:35,900 INFO (CompositeLog.java:117)- Stopping...
2023-06-27 11:16:35,900 INFO (CompositeLog.java:117)- BrokerAvailabilityEvent[available=false, SimpleBrokerMessageHandler [org.springframework.messaging.simp.broker.DefaultSubscriptionRegistry@2712bef6]]
2023-06-27 11:16:35,900 INFO (CompositeLog.java:117)- Stopped.
2023-06-27 11:16:36,938 INFO (HikariDataSource.java:350)- HikariPool-1 - Shutdown initiated...
2023-06-27 11:16:36,941 INFO (HikariDataSource.java:352)- HikariPool-1 - Shutdown completed.
